[INFO] Scanning for projects...
[INFO] 
[INFO] -------------------------< com.example:Novel >--------------------------
[INFO] Building Novel 0.0.1-SNAPSHOT
[INFO]   from pom.xml
[INFO] --------------------------------[ jar ]---------------------------------
[INFO] 
[INFO] >>> spring-boot:3.5.13:run (default-cli) > test-compile @ Novel >>>
[INFO] 
[INFO] --- resources:3.3.1:resources (default-resources) @ Novel ---
[INFO] Copying 1 resource from src\main\resources to target\classes
[INFO] Copying 0 resource from src\main\resources to target\classes
[INFO] 
[INFO] --- compiler:3.14.1:compile (default-compile) @ Novel ---
[INFO] Recompiling the module because of changed source code.
[INFO] Compiling 43 source files with javac [debug parameters release 17] to target\classes
[INFO] /D:/IntelliJ IDEA 2023.2.3/Novel/src/main/java/com/example/novel/service/impl/ChapterServiceImpl.java: 某些输入文件使用或覆盖了已过时的 API。
[INFO] /D:/IntelliJ IDEA 2023.2.3/Novel/src/main/java/com/example/novel/service/impl/ChapterServiceImpl.java: 有关详细信息, 请使用 -Xlint:deprecation 重新编译。
[INFO] 
[INFO] --- resources:3.3.1:testResources (default-testResources) @ Novel ---
[INFO] skip non existing resourceDirectory D:\IntelliJ IDEA 2023.2.3\Novel\src\test\resources
[INFO] 
[INFO] --- compiler:3.14.1:testCompile (default-testCompile) @ Novel ---
[INFO] Recompiling the module because of changed dependency.
[INFO] Compiling 6 source files with javac [debug parameters release 17] to target\test-classes
[INFO] 
[INFO] <<< spring-boot:3.5.13:run (default-cli) < test-compile @ Novel <<<
[INFO] 
[INFO] 
[INFO] --- spring-boot:3.5.13:run (default-cli) @ Novel ---
[INFO] Attaching agents: []

  .   ____          _            __ _ _
 /\\ / ___'_ __ _ _(_)_ __  __ _ \ \ \ \
( ( )\___ | '_ | '_| | '_ \/ _` | \ \ \ \
 \\/  ___)| |_)| | | | | || (_| |  ) ) ) )
  '  |____| .__|_| |_|_| |_\__, | / / / /
 =========|_|==============|___/=/_/_/_/

 :: Spring Boot ::               (v3.5.13)

2026-04-18 22:57:16 [restartedMain] INFO  com.example.novel.NovelApplication - Starting NovelApplication using Java 17.0.10 with PID 35952 (D:\IntelliJ IDEA 2023.2.3\Novel\target\classes started by Strelitzia in D:\IntelliJ IDEA 2023.2.3\Novel)
2026-04-18 22:57:16 [restartedMain] DEBUG com.example.novel.NovelApplication - Running with Spring Boot v3.5.13, Spring v6.2.17
2026-04-18 22:57:16 [restartedMain] INFO  com.example.novel.NovelApplication - No active profile set, falling back to 1 default profile: "default"
2026-04-18 22:57:16 [restartedMain] INFO  o.s.b.d.e.DevToolsPropertyDefaultsPostProcessor - Devtools property defaults active! Set 'spring.devtools.add-properties' to 'false' to disable
2026-04-18 22:57:16 [restartedMain] INFO  o.s.b.d.e.DevToolsPropertyDefaultsPostProcessor - For additional web related logging consider setting the 'logging.level.web' property to 'DEBUG'
2026-04-18 22:57:17 [restartedMain] INFO  o.s.b.w.e.tomcat.TomcatWebServer - Tomcat initialized with port 8080 (http)
2026-04-18 22:57:17 [restartedMain] INFO  o.a.catalina.core.StandardService - Starting service [Tomcat]
2026-04-18 22:57:17 [restartedMain] INFO  o.a.catalina.core.StandardEngine - Starting Servlet engine: [Apache Tomcat/10.1.53]
2026-04-18 22:57:17 [restartedMain] INFO  o.a.c.c.C.[.[localhost].[/api] - Initializing Spring embedded WebApplicationContext
2026-04-18 22:57:17 [restartedMain] INFO  o.s.b.w.s.c.ServletWebServerApplicationContext - Root WebApplicationContext: initialization completed in 856 ms
Logging initialized using 'class org.apache.ibatis.logging.stdout.StdOutImpl' adapter.
Get /192.168.31.28 network interface 
Get network interface info: name:eth2 (Realtek PCIe GbE Family Controller)
Initialization Sequence datacenterId:5 workerId:31
 _ _   |_  _ _|_. ___ _ |    _ 
| | |\/|_)(_| | |_\  |_)||_|_\ 
     /               |         
                        3.5.15 
2026-04-18 22:57:18 [restartedMain] INFO  c.b.m.e.s.MybatisPlusApplicationContextAware - Register ApplicationContext instances org.springframework.boot.web.servlet.context.AnnotationConfigServletWebServerApplicationContext@4f69651
2026-04-18 22:57:18 [restartedMain] INFO  o.s.b.d.a.OptionalLiveReloadServer - LiveReload server is running on port 35729
2026-04-18 22:57:18 [restartedMain] INFO  o.s.b.w.e.tomcat.TomcatWebServer - Tomcat started on port 8080 (http) with context path '/api'
2026-04-18 22:57:18 [restartedMain] INFO  com.example.novel.NovelApplication - Started NovelApplication in 2.024 seconds (process running for 2.368)
2026-04-18 22:57:48 [http-nio-8080-exec-1] INFO  o.a.c.c.C.[.[localhost].[/api] - Initializing Spring DispatcherServlet 'dispatcherServlet'
2026-04-18 22:57:48 [http-nio-8080-exec-1] INFO  o.s.web.servlet.DispatcherServlet - Initializing Servlet 'dispatcherServlet'
2026-04-18 22:57:48 [http-nio-8080-exec-1] INFO  o.s.web.servlet.DispatcherServlet - Completed initialization in 1 ms
2026-04-18 22:57:48 [http-nio-8080-exec-1] INFO  c.e.n.controller.CommentController - 查询小说评论列表请求, novelId: 1, pageNum: 1, pageSize: 10
2026-04-18 22:57:48 [http-nio-8080-exec-1] INFO  com.zaxxer.hikari.HikariDataSource - HikariPool-1 - Starting...
2026-04-18 22:57:48 [http-nio-8080-exec-1] INFO  com.zaxxer.hikari.pool.HikariPool - HikariPool-1 - Added connection com.mysql.cj.jdbc.ConnectionImpl@920f3d
2026-04-18 22:57:48 [http-nio-8080-exec-1] INFO  com.zaxxer.hikari.HikariDataSource - HikariPool-1 - Start completed.
2026-04-18 22:57:48 [http-nio-8080-exec-1] INFO  c.e.n.s.impl.CommentServiceImpl - 分页查询小说评论列表, novelId: 1, pageNum: 1, pageSize: 10
Creating a new SqlSession
Registering transaction synchronization for SqlSession [org.apache.ibatis.session.defaults.DefaultSqlSession@17bd8154]
JDBC Connection [HikariProxyConnection@1027739484 wrapping com.mysql.cj.jdbc.ConnectionImpl@920f3d] will be managed by Spring
==>  Preparing: SELECT id,user_id,novel_id,content,create_time,update_time FROM comment WHERE (novel_id = ?) ORDER BY create_time DESC
==> Parameters: 1(Long)
<==      Total: 0
Releasing transactional SqlSession [org.apache.ibatis.session.defaults.DefaultSqlSession@17bd8154]
2026-04-18 22:57:48 [http-nio-8080-exec-1] INFO  c.e.n.s.impl.CommentServiceImpl - 查询到 0 条评论，共 0 页
Transaction synchronization committing SqlSession [org.apache.ibatis.session.defaults.DefaultSqlSession@17bd8154]
Transaction synchronization deregistering SqlSession [org.apache.ibatis.session.defaults.DefaultSqlSession@17bd8154]
Transaction synchronization closing SqlSession [org.apache.ibatis.session.defaults.DefaultSqlSession@17bd8154]
2026-04-18 22:57:48 [http-nio-8080-exec-1] INFO  c.e.n.controller.CommentController - 返回 0 条评论，共 0 页
2026-04-18 22:58:02 [http-nio-8080-exec-2] INFO  o.a.coyote.http11.Http11Processor - Error parsing HTTP request header
 Note: further occurrences of HTTP request parsing errors will be logged at DEBUG level.
java.lang.IllegalArgumentException: Invalid character found in the request target [/api/comments?novelId=1&content=0xe60xb50x8b0xe80xaf0x950xe80xaf0x840xe80xae0xba ]. The valid characters are defined in RFC 7230 and RFC 3986
	at org.apache.coyote.http11.Http11InputBuffer.parseRequestLine(Http11InputBuffer.java:477)
	at org.apache.coyote.http11.Http11Processor.service(Http11Processor.java:272)
	at org.apache.coyote.AbstractProcessorLight.process(AbstractProcessorLight.java:63)
	at org.apache.coyote.AbstractProtocol$ConnectionHandler.process(AbstractProtocol.java:903)
	at org.apache.tomcat.util.net.NioEndpoint$SocketProcessor.doRun(NioEndpoint.java:1775)
	at org.apache.tomcat.util.net.SocketProcessorBase.run(SocketProcessorBase.java:52)
	at org.apache.tomcat.util.threads.ThreadPoolExecutor.runWorker(ThreadPoolExecutor.java:973)
	at org.apache.tomcat.util.threads.ThreadPoolExecutor$Worker.run(ThreadPoolExecutor.java:491)
	at org.apache.tomcat.util.threads.TaskThread$WrappingRunnable.run(TaskThread.java:63)
	at java.base/java.lang.Thread.run(Thread.java:842)
2026-04-18 22:58:20 [http-nio-8080-exec-3] INFO  c.e.n.controller.CommentController - 发布评论请求, userId: 2, novelId: 1, content: 测试评论
2026-04-18 22:58:20 [http-nio-8080-exec-3] INFO  c.e.n.s.impl.CommentServiceImpl - 发布评论, userId: 2, novelId: 1, content: 测试评论
Creating a new SqlSession
Registering transaction synchronization for SqlSession [org.apache.ibatis.session.defaults.DefaultSqlSession@70e6381a]
JDBC Connection [HikariProxyConnection@228590567 wrapping com.mysql.cj.jdbc.ConnectionImpl@920f3d] will be managed by Spring
==>  Preparing: INSERT INTO comment ( user_id, novel_id, content, create_time, update_time ) VALUES ( ?, ?, ?, ?, ? )
==> Parameters: 2(Long), 1(Long), 测试评论(String), 2026-04-18T22:58:20.403215(LocalDateTime), 2026-04-18T22:58:20.403215(LocalDateTime)
<==    Updates: 1
Releasing transactional SqlSession [org.apache.ibatis.session.defaults.DefaultSqlSession@70e6381a]
2026-04-18 22:58:20 [http-nio-8080-exec-3] INFO  c.e.n.s.impl.CommentServiceImpl - 评论发布成功, commentId: 1
Transaction synchronization committing SqlSession [org.apache.ibatis.session.defaults.DefaultSqlSession@70e6381a]
Transaction synchronization deregistering SqlSession [org.apache.ibatis.session.defaults.DefaultSqlSession@70e6381a]
Transaction synchronization closing SqlSession [org.apache.ibatis.session.defaults.DefaultSqlSession@70e6381a]
2026-04-18 22:58:20 [http-nio-8080-exec-3] INFO  c.e.n.controller.CommentController - 评论发布成功, commentId: 1, userId: 2, novelId: 1
2026-04-18 22:58:25 [http-nio-8080-exec-5] INFO  c.e.n.controller.CommentController - 查询小说评论列表请求, novelId: 1, pageNum: 1, pageSize: 10
2026-04-18 22:58:25 [http-nio-8080-exec-5] INFO  c.e.n.s.impl.CommentServiceImpl - 分页查询小说评论列表, novelId: 1, pageNum: 1, pageSize: 10
Creating a new SqlSession
Registering transaction synchronization for SqlSession [org.apache.ibatis.session.defaults.DefaultSqlSession@44e4eac5]
JDBC Connection [HikariProxyConnection@98164990 wrapping com.mysql.cj.jdbc.ConnectionImpl@920f3d] will be managed by Spring
==>  Preparing: SELECT id,user_id,novel_id,content,create_time,update_time FROM comment WHERE (novel_id = ?) ORDER BY create_time DESC
==> Parameters: 1(Long)
<==    Columns: id, user_id, novel_id, content, create_time, update_time
<==        Row: 1, 2, 1, 测试评论, 2026-04-18 22:58:20, 2026-04-18 22:58:20
<==      Total: 1
Releasing transactional SqlSession [org.apache.ibatis.session.defaults.DefaultSqlSession@44e4eac5]
2026-04-18 22:58:25 [http-nio-8080-exec-5] INFO  c.e.n.s.impl.CommentServiceImpl - 查询到 0 条评论，共 0 页
Transaction synchronization committing SqlSession [org.apache.ibatis.session.defaults.DefaultSqlSession@44e4eac5]
Transaction synchronization deregistering SqlSession [org.apache.ibatis.session.defaults.DefaultSqlSession@44e4eac5]
Transaction synchronization closing SqlSession [org.apache.ibatis.session.defaults.DefaultSqlSession@44e4eac5]
2026-04-18 22:58:25 [http-nio-8080-exec-5] INFO  c.e.n.controller.CommentController - 返回 0 条评论，共 0 页
2026-04-18 22:58:31 [http-nio-8080-exec-7] INFO  c.e.n.controller.CommentController - 查询小说评论列表请求, novelId: 1, pageNum: 1, pageSize: 10
2026-04-18 22:58:31 [http-nio-8080-exec-7] INFO  c.e.n.s.impl.CommentServiceImpl - 分页查询小说评论列表, novelId: 1, pageNum: 1, pageSize: 10
Creating a new SqlSession
Registering transaction synchronization for SqlSession [org.apache.ibatis.session.defaults.DefaultSqlSession@4c8d3e54]
JDBC Connection [HikariProxyConnection@229651567 wrapping com.mysql.cj.jdbc.ConnectionImpl@920f3d] will be managed by Spring
==>  Preparing: SELECT id,user_id,novel_id,content,create_time,update_time FROM comment WHERE (novel_id = ?) ORDER BY create_time DESC
==> Parameters: 1(Long)
<==    Columns: id, user_id, novel_id, content, create_time, update_time
<==        Row: 1, 2, 1, 测试评论, 2026-04-18 22:58:20, 2026-04-18 22:58:20
<==      Total: 1
Releasing transactional SqlSession [org.apache.ibatis.session.defaults.DefaultSqlSession@4c8d3e54]
2026-04-18 22:58:31 [http-nio-8080-exec-7] INFO  c.e.n.s.impl.CommentServiceImpl - 查询到 0 条评论，共 0 页
Transaction synchronization committing SqlSession [org.apache.ibatis.session.defaults.DefaultSqlSession@4c8d3e54]
Transaction synchronization deregistering SqlSession [org.apache.ibatis.session.defaults.DefaultSqlSession@4c8d3e54]
Transaction synchronization closing SqlSession [org.apache.ibatis.session.defaults.DefaultSqlSession@4c8d3e54]
2026-04-18 22:58:31 [http-nio-8080-exec-7] INFO  c.e.n.controller.CommentController - 返回 0 条评论，共 0 页
2026-04-18 22:58:50 [http-nio-8080-exec-9] INFO  c.e.n.controller.FavoriteController - 检查收藏状态请求, userId: 2, novelId: 1
2026-04-18 22:58:50 [http-nio-8080-exec-9] INFO  c.e.n.s.impl.FavoriteServiceImpl - 检查收藏状态, userId: 2, novelId: 1
Creating a new SqlSession
Registering transaction synchronization for SqlSession [org.apache.ibatis.session.defaults.DefaultSqlSession@55687e27]
JDBC Connection [HikariProxyConnection@1625784576 wrapping com.mysql.cj.jdbc.ConnectionImpl@920f3d] will be managed by Spring
==>  Preparing: SELECT id,user_id,novel_id,create_time FROM favorite WHERE (user_id = ? AND novel_id = ?)
==> Parameters: 2(Long), 1(Long)
<==      Total: 0
Releasing transactional SqlSession [org.apache.ibatis.session.defaults.DefaultSqlSession@55687e27]
2026-04-18 22:58:50 [http-nio-8080-exec-9] INFO  c.e.n.s.impl.FavoriteServiceImpl - 收藏状态: 未收藏
Transaction synchronization committing SqlSession [org.apache.ibatis.session.defaults.DefaultSqlSession@55687e27]
Transaction synchronization deregistering SqlSession [org.apache.ibatis.session.defaults.DefaultSqlSession@55687e27]
Transaction synchronization closing SqlSession [org.apache.ibatis.session.defaults.DefaultSqlSession@55687e27]
2026-04-18 22:58:50 [http-nio-8080-exec-9] INFO  c.e.n.controller.FavoriteController - 收藏状态: 未收藏, userId: 2, novelId: 1
2026-04-18 22:58:56 [http-nio-8080-exec-1] INFO  c.e.n.controller.FavoriteController - 收藏/取消收藏请求, userId: 2, novelId: 1
2026-04-18 22:58:56 [http-nio-8080-exec-1] INFO  c.e.n.s.impl.FavoriteServiceImpl - 收藏/取消收藏操作, userId: 2, novelId: 1
Creating a new SqlSession
Registering transaction synchronization for SqlSession [org.apache.ibatis.session.defaults.DefaultSqlSession@7fafa893]
JDBC Connection [HikariProxyConnection@1419117633 wrapping com.mysql.cj.jdbc.ConnectionImpl@920f3d] will be managed by Spring
==>  Preparing: SELECT id,user_id,novel_id,create_time FROM favorite WHERE (user_id = ? AND novel_id = ?)
==> Parameters: 2(Long), 1(Long)
<==      Total: 0
Releasing transactional SqlSession [org.apache.ibatis.session.defaults.DefaultSqlSession@7fafa893]
Fetched SqlSession [org.apache.ibatis.session.defaults.DefaultSqlSession@7fafa893] from current transaction
==>  Preparing: INSERT INTO favorite ( user_id, novel_id, create_time ) VALUES ( ?, ?, ? )
==> Parameters: 2(Long), 1(Long), 2026-04-18T22:58:56.858657600(LocalDateTime)
<==    Updates: 1
Releasing transactional SqlSession [org.apache.ibatis.session.defaults.DefaultSqlSession@7fafa893]
2026-04-18 22:58:56 [http-nio-8080-exec-1] INFO  c.e.n.s.impl.FavoriteServiceImpl - 收藏成功, favoriteId: 1
Transaction synchronization committing SqlSession [org.apache.ibatis.session.defaults.DefaultSqlSession@7fafa893]
Transaction synchronization deregistering SqlSession [org.apache.ibatis.session.defaults.DefaultSqlSession@7fafa893]
Transaction synchronization closing SqlSession [org.apache.ibatis.session.defaults.DefaultSqlSession@7fafa893]
2026-04-18 22:58:56 [http-nio-8080-exec-1] INFO  c.e.n.controller.FavoriteController - 收藏成功, userId: 2, novelId: 1
2026-04-18 22:59:03 [http-nio-8080-exec-3] INFO  c.e.n.controller.FavoriteController - 检查收藏状态请求, userId: 2, novelId: 1
2026-04-18 22:59:03 [http-nio-8080-exec-3] INFO  c.e.n.s.impl.FavoriteServiceImpl - 检查收藏状态, userId: 2, novelId: 1
Creating a new SqlSession
Registering transaction synchronization for SqlSession [org.apache.ibatis.session.defaults.DefaultSqlSession@53a86c2d]
JDBC Connection [HikariProxyConnection@1328978737 wrapping com.mysql.cj.jdbc.ConnectionImpl@920f3d] will be managed by Spring
==>  Preparing: SELECT id,user_id,novel_id,create_time FROM favorite WHERE (user_id = ? AND novel_id = ?)
==> Parameters: 2(Long), 1(Long)
<==    Columns: id, user_id, novel_id, create_time
<==        Row: 1, 2, 1, 2026-04-18 22:58:57
<==      Total: 1
Releasing transactional SqlSession [org.apache.ibatis.session.defaults.DefaultSqlSession@53a86c2d]
2026-04-18 22:59:03 [http-nio-8080-exec-3] INFO  c.e.n.s.impl.FavoriteServiceImpl - 收藏状态: 已收藏
Transaction synchronization committing SqlSession [org.apache.ibatis.session.defaults.DefaultSqlSession@53a86c2d]
Transaction synchronization deregistering SqlSession [org.apache.ibatis.session.defaults.DefaultSqlSession@53a86c2d]
Transaction synchronization closing SqlSession [org.apache.ibatis.session.defaults.DefaultSqlSession@53a86c2d]
2026-04-18 22:59:03 [http-nio-8080-exec-3] INFO  c.e.n.controller.FavoriteController - 收藏状态: 已收藏, userId: 2, novelId: 1
2026-04-18 22:59:08 [http-nio-8080-exec-5] INFO  c.e.n.controller.FavoriteController - 收藏/取消收藏请求, userId: 2, novelId: 1
2026-04-18 22:59:08 [http-nio-8080-exec-5] INFO  c.e.n.s.impl.FavoriteServiceImpl - 收藏/取消收藏操作, userId: 2, novelId: 1
Creating a new SqlSession
Registering transaction synchronization for SqlSession [org.apache.ibatis.session.defaults.DefaultSqlSession@769eb72e]
JDBC Connection [HikariProxyConnection@1548731460 wrapping com.mysql.cj.jdbc.ConnectionImpl@920f3d] will be managed by Spring
==>  Preparing: SELECT id,user_id,novel_id,create_time FROM favorite WHERE (user_id = ? AND novel_id = ?)
==> Parameters: 2(Long), 1(Long)
<==    Columns: id, user_id, novel_id, create_time
<==        Row: 1, 2, 1, 2026-04-18 22:58:57
<==      Total: 1
Releasing transactional SqlSession [org.apache.ibatis.session.defaults.DefaultSqlSession@769eb72e]
Fetched SqlSession [org.apache.ibatis.session.defaults.DefaultSqlSession@769eb72e] from current transaction
==>  Preparing: DELETE FROM favorite WHERE id=?
==> Parameters: 1(Long)
<==    Updates: 1
Releasing transactional SqlSession [org.apache.ibatis.session.defaults.DefaultSqlSession@769eb72e]
2026-04-18 22:59:08 [http-nio-8080-exec-5] INFO  c.e.n.s.impl.FavoriteServiceImpl - 取消收藏成功, favoriteId: 1
Transaction synchronization committing SqlSession [org.apache.ibatis.session.defaults.DefaultSqlSession@769eb72e]
Transaction synchronization deregistering SqlSession [org.apache.ibatis.session.defaults.DefaultSqlSession@769eb72e]
Transaction synchronization closing SqlSession [org.apache.ibatis.session.defaults.DefaultSqlSession@769eb72e]
2026-04-18 22:59:08 [http-nio-8080-exec-5] INFO  c.e.n.controller.FavoriteController - 取消收藏成功, userId: 2, novelId: 1
2026-04-18 23:04:38 [File Watcher] INFO  o.s.b.d.a.LocalDevToolsAutoConfiguration$RestartingClassPathChangeChangedEventListener - Restarting due to 59 class path changes (0 additions, 58 deletions, 1 modification)
2026-04-18 23:04:38 [Thread-5] INFO  o.s.b.w.e.tomcat.GracefulShutdown - Commencing graceful shutdown. Waiting for active requests to complete
2026-04-18 23:04:39 [tomcat-shutdown] INFO  o.s.b.w.e.tomcat.GracefulShutdown - Graceful shutdown complete
2026-04-18 23:04:39 [Thread-5] INFO  com.zaxxer.hikari.HikariDataSource - HikariPool-1 - Shutdown initiated...
2026-04-18 23:04:39 [Thread-5] INFO  com.zaxxer.hikari.HikariDataSource - HikariPool-1 - Shutdown completed.

  .   ____          _            __ _ _
 /\\ / ___'_ __ _ _(_)_ __  __ _ \ \ \ \
( ( )\___ | '_ | '_| | '_ \/ _` | \ \ \ \
 \\/  ___)| |_)| | | | | || (_| |  ) ) ) )
  '  |____| .__|_| |_|_| |_\__, | / / / /
 =========|_|==============|___/=/_/_/_/

 :: Spring Boot ::               (v3.5.13)

2026-04-18 23:04:39 [restartedMain] INFO  com.example.novel.NovelApplication - Starting NovelApplication using Java 17.0.10 with PID 35952 (D:\IntelliJ IDEA 2023.2.3\Novel\target\classes started by Strelitzia in D:\IntelliJ IDEA 2023.2.3\Novel)
2026-04-18 23:04:39 [restartedMain] DEBUG com.example.novel.NovelApplication - Running with Spring Boot v3.5.13, Spring v6.2.17
2026-04-18 23:04:39 [restartedMain] INFO  com.example.novel.NovelApplication - No active profile set, falling back to 1 default profile: "default"
2026-04-18 23:04:39 [restartedMain] WARN  o.m.s.mapper.ClassPathMapperScanner - No MyBatis mapper was found in '[com.example.novel.mapper]' package. Please check your configuration.
2026-04-18 23:04:39 [restartedMain] INFO  o.s.b.w.e.tomcat.TomcatWebServer - Tomcat initialized with port 8080 (http)
2026-04-18 23:04:39 [restartedMain] INFO  o.a.catalina.core.StandardService - Starting service [Tomcat]
2026-04-18 23:04:39 [restartedMain] INFO  o.a.catalina.core.StandardEngine - Starting Servlet engine: [Apache Tomcat/10.1.53]
2026-04-18 23:04:39 [restartedMain] INFO  o.a.c.c.C.[.[localhost].[/api] - Initializing Spring embedded WebApplicationContext
2026-04-18 23:04:39 [restartedMain] INFO  o.s.b.w.s.c.ServletWebServerApplicationContext - Root WebApplicationContext: initialization completed in 202 ms
Logging initialized using 'class org.apache.ibatis.logging.stdout.StdOutImpl' adapter.
Get /192.168.31.28 network interface 
Get network interface info: name:eth2 (Realtek PCIe GbE Family Controller)
Initialization Sequence datacenterId:5 workerId:31
 _ _   |_  _ _|_. ___ _ |    _ 
| | |\/|_)(_| | |_\  |_)||_|_\ 
     /               |         
                        3.5.15 
2026-04-18 23:04:39 [restartedMain] INFO  c.b.m.e.s.MybatisPlusApplicationContextAware - Register ApplicationContext instances org.springframework.boot.web.servlet.context.AnnotationConfigServletWebServerApplicationContext@100a2fc
2026-04-18 23:04:39 [restartedMain] INFO  o.s.b.d.a.OptionalLiveReloadServer - LiveReload server is running on port 35729
2026-04-18 23:04:39 [restartedMain] INFO  o.s.b.w.e.tomcat.TomcatWebServer - Tomcat started on port 8080 (http) with context path '/api'
2026-04-18 23:04:39 [restartedMain] INFO  com.example.novel.NovelApplication - Started NovelApplication in 0.486 seconds (process running for 443.723)
2026-04-18 23:04:39 [restartedMain] INFO  o.s.b.d.a.ConditionEvaluationDeltaLoggingListener - Condition evaluation unchanged
2026-04-18 23:04:42 [File Watcher] INFO  o.s.b.d.a.LocalDevToolsAutoConfiguration$RestartingClassPathChangeChangedEventListener - Restarting due to 58 class path changes (58 additions, 0 deletions, 0 modifications)
2026-04-18 23:04:42 [Thread-7] INFO  o.s.b.w.e.tomcat.GracefulShutdown - Commencing graceful shutdown. Waiting for active requests to complete
2026-04-18 23:04:42 [tomcat-shutdown] INFO  o.s.b.w.e.tomcat.GracefulShutdown - Graceful shutdown complete

  .   ____          _            __ _ _
 /\\ / ___'_ __ _ _(_)_ __  __ _ \ \ \ \
( ( )\___ | '_ | '_| | '_ \/ _` | \ \ \ \
 \\/  ___)| |_)| | | | | || (_| |  ) ) ) )
  '  |____| .__|_| |_|_| |_\__, | / / / /
 =========|_|==============|___/=/_/_/_/

 :: Spring Boot ::               (v3.5.13)

2026-04-18 23:04:42 [restartedMain] INFO  com.example.novel.NovelApplication - Starting NovelApplication using Java 17.0.10 with PID 35952 (D:\IntelliJ IDEA 2023.2.3\Novel\target\classes started by Strelitzia in D:\IntelliJ IDEA 2023.2.3\Novel)
2026-04-18 23:04:42 [restartedMain] DEBUG com.example.novel.NovelApplication - Running with Spring Boot v3.5.13, Spring v6.2.17
2026-04-18 23:04:42 [restartedMain] INFO  com.example.novel.NovelApplication - No active profile set, falling back to 1 default profile: "default"
2026-04-18 23:04:43 [restartedMain] INFO  o.s.b.w.e.tomcat.TomcatWebServer - Tomcat initialized with port 8080 (http)
2026-04-18 23:04:43 [restartedMain] INFO  o.a.catalina.core.StandardService - Starting service [Tomcat]
2026-04-18 23:04:43 [restartedMain] INFO  o.a.catalina.core.StandardEngine - Starting Servlet engine: [Apache Tomcat/10.1.53]
2026-04-18 23:04:43 [restartedMain] INFO  o.a.c.c.C.[.[localhost].[/api] - Initializing Spring embedded WebApplicationContext
2026-04-18 23:04:43 [restartedMain] INFO  o.s.b.w.s.c.ServletWebServerApplicationContext - Root WebApplicationContext: initialization completed in 248 ms
Logging initialized using 'class org.apache.ibatis.logging.stdout.StdOutImpl' adapter.
Get /192.168.31.28 network interface 
Get network interface info: name:eth2 (Realtek PCIe GbE Family Controller)
Initialization Sequence datacenterId:5 workerId:31
 _ _   |_  _ _|_. ___ _ |    _ 
| | |\/|_)(_| | |_\  |_)||_|_\ 
     /               |         
                        3.5.15 
2026-04-18 23:04:43 [restartedMain] INFO  c.b.m.e.s.MybatisPlusApplicationContextAware - Register ApplicationContext instances org.springframework.boot.web.servlet.context.AnnotationConfigServletWebServerApplicationContext@5d46e8bf
2026-04-18 23:04:43 [restartedMain] INFO  o.s.b.d.a.OptionalLiveReloadServer - LiveReload server is running on port 35729
2026-04-18 23:04:43 [restartedMain] INFO  o.s.b.w.e.tomcat.TomcatWebServer - Tomcat started on port 8080 (http) with context path '/api'
2026-04-18 23:04:43 [restartedMain] INFO  com.example.novel.NovelApplication - Started NovelApplication in 0.715 seconds (process running for 447.663)
2026-04-18 23:04:43 [restartedMain] INFO  o.s.b.d.a.ConditionEvaluationDeltaLoggingListener - Condition evaluation unchanged
[INFO] ------------------------------------------------------------------------
[INFO] BUILD FAILURE
[INFO] ------------------------------------------------------------------------
[INFO] Total time:  12:33 min
[INFO] Finished at: 2026-04-18T23:09:42+08:00
[INFO] ------------------------------------------------------------------------
[ERROR] Failed to execute goal org.springframework.boot:spring-boot-maven-plugin:3.5.13:run (default-cli) on project Novel: Process terminated with exit code: 1 -> [Help 1]
[ERROR] 
[ERROR] To see the full stack trace of the errors, re-run Maven with the -e switch.
[ERROR] Re-run Maven using the -X switch to enable full debug logging.
[ERROR] 
[ERROR] For more information about the errors and possible solutions, please read the following articles:
[ERROR] [Help 1] http://cwiki.apache.org/confluence/display/MAVEN/MojoExecutionException
