2026-04-18 06:02:00 [main] INFO  c.e.novel.common.CommonComponentTest - Starting CommonComponentTest using Java 17.0.10 with PID 30184 (started by Strelitzia in D:\IntelliJ IDEA 2023.2.3\Novel)
2026-04-18 06:02:00 [main] DEBUG c.e.novel.common.CommonComponentTest - Running with Spring Boot v3.5.13, Spring v6.2.17
2026-04-18 06:02:00 [main] INFO  c.e.novel.common.CommonComponentTest - No active profile set, falling back to 1 default profile: "default"
2026-04-18 06:02:00 [main] WARN  o.m.s.mapper.ClassPathMapperScanner - No MyBatis mapper was found in '[com.example.novel]' package. Please check your configuration.
2026-04-18 06:02:02 [main] INFO  c.b.m.e.s.MybatisPlusApplicationContextAware - Register ApplicationContext instances org.springframework.web.context.support.GenericWebApplicationContext@7b208b45
2026-04-18 06:02:02 [main] INFO  c.e.novel.common.CommonComponentTest - Started CommonComponentTest in 2.535 seconds (process running for 3.42)
2026-04-18 08:23:00 [restartedMain] INFO  com.example.novel.NovelApplication - Starting NovelApplication using Java 17.0.10 with PID 28864 (D:\IntelliJ IDEA 2023.2.3\Novel\target\classes started by Strelitzia in D:\IntelliJ IDEA 2023.2.3\Novel)
2026-04-18 08:23:00 [restartedMain] DEBUG com.example.novel.NovelApplication - Running with Spring Boot v3.5.13, Spring v6.2.17
2026-04-18 08:23:00 [restartedMain] INFO  com.example.novel.NovelApplication - No active profile set, falling back to 1 default profile: "default"
2026-04-18 08:23:00 [restartedMain] INFO  o.s.b.d.e.DevToolsPropertyDefaultsPostProcessor - Devtools property defaults active! Set 'spring.devtools.add-properties' to 'false' to disable
2026-04-18 08:23:00 [restartedMain] INFO  o.s.b.d.e.DevToolsPropertyDefaultsPostProcessor - For additional web related logging consider setting the 'logging.level.web' property to 'DEBUG'
2026-04-18 08:23:00 [restartedMain] INFO  o.s.b.d.c.l.DockerComposeLifecycleManager - Using Docker Compose file D:\IntelliJ IDEA 2023.2.3\Novel\compose.yaml
2026-04-18 08:23:00 [restartedMain] ERROR o.s.boot.SpringApplication - Application run failed
org.springframework.boot.docker.compose.core.DockerProcessStartException: Unable to start docker process. Is docker correctly installed?
	at org.springframework.boot.docker.compose.core.DockerCli$DockerCommands.getDockerCommand(DockerCli.java:151)
	at org.springframework.boot.docker.compose.core.DockerCli$DockerCommands.<init>(DockerCli.java:140)
	at org.springframework.boot.docker.compose.core.DockerCli.lambda$new$0(DockerCli.java:66)
	at java.base/java.util.HashMap.computeIfAbsent(HashMap.java:1220)
	at org.springframework.boot.docker.compose.core.DockerCli.<init>(DockerCli.java:65)
	at org.springframework.boot.docker.compose.core.DockerCompose.get(DockerCompose.java:145)
	at org.springframework.boot.docker.compose.lifecycle.DockerComposeLifecycleManager.getDockerCompose(DockerComposeLifecycleManager.java:166)
	at org.springframework.boot.docker.compose.lifecycle.DockerComposeLifecycleManager.start(DockerComposeLifecycleManager.java:114)
	at org.springframework.boot.docker.compose.lifecycle.DockerComposeListener.onApplicationEvent(DockerComposeListener.java:53)
	at org.springframework.boot.docker.compose.lifecycle.DockerComposeListener.onApplicationEvent(DockerComposeListener.java:35)
	at org.springframework.context.event.SimpleApplicationEventMulticaster.doInvokeListener(SimpleApplicationEventMulticaster.java:185)
	at org.springframework.context.event.SimpleApplicationEventMulticaster.invokeListener(SimpleApplicationEventMulticaster.java:178)
	at org.springframework.context.event.SimpleApplicationEventMulticaster.multicastEvent(SimpleApplicationEventMulticaster.java:156)
	at org.springframework.context.event.SimpleApplicationEventMulticaster.multicastEvent(SimpleApplicationEventMulticaster.java:138)
	at org.springframework.boot.context.event.EventPublishingRunListener.multicastInitialEvent(EventPublishingRunListener.java:136)
	at org.springframework.boot.context.event.EventPublishingRunListener.contextLoaded(EventPublishingRunListener.java:98)
	at org.springframework.boot.SpringApplicationRunListeners.lambda$contextLoaded$4(SpringApplicationRunListeners.java:72)
	at java.base/java.lang.Iterable.forEach(Iterable.java:75)
	at org.springframework.boot.SpringApplicationRunListeners.doWithListeners(SpringApplicationRunListeners.java:118)
	at org.springframework.boot.SpringApplicationRunListeners.doWithListeners(SpringApplicationRunListeners.java:112)
	at org.springframework.boot.SpringApplicationRunListeners.contextLoaded(SpringApplicationRunListeners.java:72)
	at org.springframework.boot.SpringApplication.prepareContext(SpringApplication.java:416)
	at org.springframework.boot.SpringApplication.run(SpringApplication.java:317)
	at org.springframework.boot.SpringApplication.run(SpringApplication.java:1361)
	at org.springframework.boot.SpringApplication.run(SpringApplication.java:1350)
	at com.example.novel.NovelApplication.main(NovelApplication.java:12)
	at java.base/jdk.internal.reflect.NativeMethodAccessorImpl.invoke0(Native Method)
	at java.base/jdk.internal.reflect.NativeMethodAccessorImpl.invoke(NativeMethodAccessorImpl.java:77)
	at java.base/jdk.internal.reflect.DelegatingMethodAccessorImpl.invoke(DelegatingMethodAccessorImpl.java:43)
	at java.base/java.lang.reflect.Method.invoke(Method.java:568)
	at org.springframework.boot.devtools.restart.RestartLauncher.run(RestartLauncher.java:50)
Caused by: org.springframework.boot.docker.compose.core.ProcessStartException: Unable to start command docker version --format {{.Client.Version}}
	at org.springframework.boot.docker.compose.core.ProcessRunner.startProcess(ProcessRunner.java:116)
	at org.springframework.boot.docker.compose.core.ProcessRunner.run(ProcessRunner.java:88)
	at org.springframework.boot.docker.compose.core.ProcessRunner.run(ProcessRunner.java:75)
	at org.springframework.boot.docker.compose.core.DockerCli$DockerCommands.getDockerCommand(DockerCli.java:146)
	... 30 common frames omitted
Caused by: java.io.IOException: Cannot run program "docker": CreateProcess error=2, 系统找不到指定的文件。
	at java.base/java.lang.ProcessBuilder.start(ProcessBuilder.java:1143)
	at java.base/java.lang.ProcessBuilder.start(ProcessBuilder.java:1073)
	at org.springframework.boot.docker.compose.core.ProcessRunner.startProcess(ProcessRunner.java:106)
	... 33 common frames omitted
Caused by: java.io.IOException: CreateProcess error=2, 系统找不到指定的文件。
	at java.base/java.lang.ProcessImpl.create(Native Method)
	at java.base/java.lang.ProcessImpl.<init>(ProcessImpl.java:499)
	at java.base/java.lang.ProcessImpl.start(ProcessImpl.java:158)
	at java.base/java.lang.ProcessBuilder.start(ProcessBuilder.java:1110)
	... 35 common frames omitted
2026-04-18 08:29:03 [restartedMain] INFO  com.example.novel.NovelApplication - Starting NovelApplication using Java 17.0.10 with PID 36324 (D:\IntelliJ IDEA 2023.2.3\Novel\target\classes started by Strelitzia in D:\IntelliJ IDEA 2023.2.3\Novel)
2026-04-18 08:29:03 [restartedMain] DEBUG com.example.novel.NovelApplication - Running with Spring Boot v3.5.13, Spring v6.2.17
2026-04-18 08:29:03 [restartedMain] INFO  com.example.novel.NovelApplication - No active profile set, falling back to 1 default profile: "default"
2026-04-18 08:29:03 [restartedMain] INFO  o.s.b.d.e.DevToolsPropertyDefaultsPostProcessor - Devtools property defaults active! Set 'spring.devtools.add-properties' to 'false' to disable
2026-04-18 08:29:03 [restartedMain] INFO  o.s.b.d.e.DevToolsPropertyDefaultsPostProcessor - For additional web related logging consider setting the 'logging.level.web' property to 'DEBUG'
2026-04-18 08:29:03 [restartedMain] INFO  o.s.b.d.c.l.DockerComposeLifecycleManager - Using Docker Compose file D:\IntelliJ IDEA 2023.2.3\Novel\compose.yaml
2026-04-18 08:29:03 [restartedMain] ERROR o.s.boot.SpringApplication - Application run failed
org.springframework.boot.docker.compose.core.DockerProcessStartException: Unable to start docker process. Is docker correctly installed?
	at org.springframework.boot.docker.compose.core.DockerCli$DockerCommands.getDockerCommand(DockerCli.java:151)
	at org.springframework.boot.docker.compose.core.DockerCli$DockerCommands.<init>(DockerCli.java:140)
	at org.springframework.boot.docker.compose.core.DockerCli.lambda$new$0(DockerCli.java:66)
	at java.base/java.util.HashMap.computeIfAbsent(HashMap.java:1220)
	at org.springframework.boot.docker.compose.core.DockerCli.<init>(DockerCli.java:65)
	at org.springframework.boot.docker.compose.core.DockerCompose.get(DockerCompose.java:145)
	at org.springframework.boot.docker.compose.lifecycle.DockerComposeLifecycleManager.getDockerCompose(DockerComposeLifecycleManager.java:166)
	at org.springframework.boot.docker.compose.lifecycle.DockerComposeLifecycleManager.start(DockerComposeLifecycleManager.java:114)
	at org.springframework.boot.docker.compose.lifecycle.DockerComposeListener.onApplicationEvent(DockerComposeListener.java:53)
	at org.springframework.boot.docker.compose.lifecycle.DockerComposeListener.onApplicationEvent(DockerComposeListener.java:35)
	at org.springframework.context.event.SimpleApplicationEventMulticaster.doInvokeListener(SimpleApplicationEventMulticaster.java:185)
	at org.springframework.context.event.SimpleApplicationEventMulticaster.invokeListener(SimpleApplicationEventMulticaster.java:178)
	at org.springframework.context.event.SimpleApplicationEventMulticaster.multicastEvent(SimpleApplicationEventMulticaster.java:156)
	at org.springframework.context.event.SimpleApplicationEventMulticaster.multicastEvent(SimpleApplicationEventMulticaster.java:138)
	at org.springframework.boot.context.event.EventPublishingRunListener.multicastInitialEvent(EventPublishingRunListener.java:136)
	at org.springframework.boot.context.event.EventPublishingRunListener.contextLoaded(EventPublishingRunListener.java:98)
	at org.springframework.boot.SpringApplicationRunListeners.lambda$contextLoaded$4(SpringApplicationRunListeners.java:72)
	at java.base/java.lang.Iterable.forEach(Iterable.java:75)
	at org.springframework.boot.SpringApplicationRunListeners.doWithListeners(SpringApplicationRunListeners.java:118)
	at org.springframework.boot.SpringApplicationRunListeners.doWithListeners(SpringApplicationRunListeners.java:112)
	at org.springframework.boot.SpringApplicationRunListeners.contextLoaded(SpringApplicationRunListeners.java:72)
	at org.springframework.boot.SpringApplication.prepareContext(SpringApplication.java:416)
	at org.springframework.boot.SpringApplication.run(SpringApplication.java:317)
	at org.springframework.boot.SpringApplication.run(SpringApplication.java:1361)
	at org.springframework.boot.SpringApplication.run(SpringApplication.java:1350)
	at com.example.novel.NovelApplication.main(NovelApplication.java:12)
	at java.base/jdk.internal.reflect.NativeMethodAccessorImpl.invoke0(Native Method)
	at java.base/jdk.internal.reflect.NativeMethodAccessorImpl.invoke(NativeMethodAccessorImpl.java:77)
	at java.base/jdk.internal.reflect.DelegatingMethodAccessorImpl.invoke(DelegatingMethodAccessorImpl.java:43)
	at java.base/java.lang.reflect.Method.invoke(Method.java:568)
	at org.springframework.boot.devtools.restart.RestartLauncher.run(RestartLauncher.java:50)
Caused by: org.springframework.boot.docker.compose.core.ProcessStartException: Unable to start command docker version --format {{.Client.Version}}
	at org.springframework.boot.docker.compose.core.ProcessRunner.startProcess(ProcessRunner.java:116)
	at org.springframework.boot.docker.compose.core.ProcessRunner.run(ProcessRunner.java:88)
	at org.springframework.boot.docker.compose.core.ProcessRunner.run(ProcessRunner.java:75)
	at org.springframework.boot.docker.compose.core.DockerCli$DockerCommands.getDockerCommand(DockerCli.java:146)
	... 30 common frames omitted
Caused by: java.io.IOException: Cannot run program "docker": CreateProcess error=2, 系统找不到指定的文件。
	at java.base/java.lang.ProcessBuilder.start(ProcessBuilder.java:1143)
	at java.base/java.lang.ProcessBuilder.start(ProcessBuilder.java:1073)
	at org.springframework.boot.docker.compose.core.ProcessRunner.startProcess(ProcessRunner.java:106)
	... 33 common frames omitted
Caused by: java.io.IOException: CreateProcess error=2, 系统找不到指定的文件。
	at java.base/java.lang.ProcessImpl.create(Native Method)
	at java.base/java.lang.ProcessImpl.<init>(ProcessImpl.java:499)
	at java.base/java.lang.ProcessImpl.start(ProcessImpl.java:158)
	at java.base/java.lang.ProcessBuilder.start(ProcessBuilder.java:1110)
	... 35 common frames omitted
2026-04-18 08:30:41 [restartedMain] INFO  com.example.novel.NovelApplication - Starting NovelApplication using Java 17.0.10 with PID 7896 (D:\IntelliJ IDEA 2023.2.3\Novel\target\classes started by Strelitzia in D:\IntelliJ IDEA 2023.2.3\Novel)
2026-04-18 08:30:41 [restartedMain] DEBUG com.example.novel.NovelApplication - Running with Spring Boot v3.5.13, Spring v6.2.17
2026-04-18 08:30:41 [restartedMain] INFO  com.example.novel.NovelApplication - No active profile set, falling back to 1 default profile: "default"
2026-04-18 08:30:41 [restartedMain] INFO  o.s.b.d.e.DevToolsPropertyDefaultsPostProcessor - Devtools property defaults active! Set 'spring.devtools.add-properties' to 'false' to disable
2026-04-18 08:30:41 [restartedMain] INFO  o.s.b.d.e.DevToolsPropertyDefaultsPostProcessor - For additional web related logging consider setting the 'logging.level.web' property to 'DEBUG'
2026-04-18 08:30:41 [restartedMain] INFO  o.s.b.d.c.l.DockerComposeLifecycleManager - Using Docker Compose file D:\IntelliJ IDEA 2023.2.3\Novel\compose.yaml
2026-04-18 08:30:41 [restartedMain] ERROR o.s.boot.SpringApplication - Application run failed
org.springframework.boot.docker.compose.core.DockerProcessStartException: Unable to start docker process. Is docker correctly installed?
	at org.springframework.boot.docker.compose.core.DockerCli$DockerCommands.getDockerCommand(DockerCli.java:151)
	at org.springframework.boot.docker.compose.core.DockerCli$DockerCommands.<init>(DockerCli.java:140)
	at org.springframework.boot.docker.compose.core.DockerCli.lambda$new$0(DockerCli.java:66)
	at java.base/java.util.HashMap.computeIfAbsent(HashMap.java:1220)
	at org.springframework.boot.docker.compose.core.DockerCli.<init>(DockerCli.java:65)
	at org.springframework.boot.docker.compose.core.DockerCompose.get(DockerCompose.java:145)
	at org.springframework.boot.docker.compose.lifecycle.DockerComposeLifecycleManager.getDockerCompose(DockerComposeLifecycleManager.java:166)
	at org.springframework.boot.docker.compose.lifecycle.DockerComposeLifecycleManager.start(DockerComposeLifecycleManager.java:114)
	at org.springframework.boot.docker.compose.lifecycle.DockerComposeListener.onApplicationEvent(DockerComposeListener.java:53)
	at org.springframework.boot.docker.compose.lifecycle.DockerComposeListener.onApplicationEvent(DockerComposeListener.java:35)
	at org.springframework.context.event.SimpleApplicationEventMulticaster.doInvokeListener(SimpleApplicationEventMulticaster.java:185)
	at org.springframework.context.event.SimpleApplicationEventMulticaster.invokeListener(SimpleApplicationEventMulticaster.java:178)
	at org.springframework.context.event.SimpleApplicationEventMulticaster.multicastEvent(SimpleApplicationEventMulticaster.java:156)
	at org.springframework.context.event.SimpleApplicationEventMulticaster.multicastEvent(SimpleApplicationEventMulticaster.java:138)
	at org.springframework.boot.context.event.EventPublishingRunListener.multicastInitialEvent(EventPublishingRunListener.java:136)
	at org.springframework.boot.context.event.EventPublishingRunListener.contextLoaded(EventPublishingRunListener.java:98)
	at org.springframework.boot.SpringApplicationRunListeners.lambda$contextLoaded$4(SpringApplicationRunListeners.java:72)
	at java.base/java.lang.Iterable.forEach(Iterable.java:75)
	at org.springframework.boot.SpringApplicationRunListeners.doWithListeners(SpringApplicationRunListeners.java:118)
	at org.springframework.boot.SpringApplicationRunListeners.doWithListeners(SpringApplicationRunListeners.java:112)
	at org.springframework.boot.SpringApplicationRunListeners.contextLoaded(SpringApplicationRunListeners.java:72)
	at org.springframework.boot.SpringApplication.prepareContext(SpringApplication.java:416)
	at org.springframework.boot.SpringApplication.run(SpringApplication.java:317)
	at org.springframework.boot.SpringApplication.run(SpringApplication.java:1361)
	at org.springframework.boot.SpringApplication.run(SpringApplication.java:1350)
	at com.example.novel.NovelApplication.main(NovelApplication.java:12)
	at java.base/jdk.internal.reflect.NativeMethodAccessorImpl.invoke0(Native Method)
	at java.base/jdk.internal.reflect.NativeMethodAccessorImpl.invoke(NativeMethodAccessorImpl.java:77)
	at java.base/jdk.internal.reflect.DelegatingMethodAccessorImpl.invoke(DelegatingMethodAccessorImpl.java:43)
	at java.base/java.lang.reflect.Method.invoke(Method.java:568)
	at org.springframework.boot.devtools.restart.RestartLauncher.run(RestartLauncher.java:50)
Caused by: org.springframework.boot.docker.compose.core.ProcessStartException: Unable to start command docker version --format {{.Client.Version}}
	at org.springframework.boot.docker.compose.core.ProcessRunner.startProcess(ProcessRunner.java:116)
	at org.springframework.boot.docker.compose.core.ProcessRunner.run(ProcessRunner.java:88)
	at org.springframework.boot.docker.compose.core.ProcessRunner.run(ProcessRunner.java:75)
	at org.springframework.boot.docker.compose.core.DockerCli$DockerCommands.getDockerCommand(DockerCli.java:146)
	... 30 common frames omitted
Caused by: java.io.IOException: Cannot run program "docker": CreateProcess error=2, 系统找不到指定的文件。
	at java.base/java.lang.ProcessBuilder.start(ProcessBuilder.java:1143)
	at java.base/java.lang.ProcessBuilder.start(ProcessBuilder.java:1073)
	at org.springframework.boot.docker.compose.core.ProcessRunner.startProcess(ProcessRunner.java:106)
	... 33 common frames omitted
Caused by: java.io.IOException: CreateProcess error=2, 系统找不到指定的文件。
	at java.base/java.lang.ProcessImpl.create(Native Method)
	at java.base/java.lang.ProcessImpl.<init>(ProcessImpl.java:499)
	at java.base/java.lang.ProcessImpl.start(ProcessImpl.java:158)
	at java.base/java.lang.ProcessBuilder.start(ProcessBuilder.java:1110)
	... 35 common frames omitted
2026-04-18 08:34:16 [restartedMain] INFO  com.example.novel.NovelApplication - Starting NovelApplication using Java 17.0.10 with PID 19052 (D:\IntelliJ IDEA 2023.2.3\Novel\target\classes started by Strelitzia in D:\IntelliJ IDEA 2023.2.3\Novel)
2026-04-18 08:34:16 [restartedMain] DEBUG com.example.novel.NovelApplication - Running with Spring Boot v3.5.13, Spring v6.2.17
2026-04-18 08:34:16 [restartedMain] INFO  com.example.novel.NovelApplication - No active profile set, falling back to 1 default profile: "default"
2026-04-18 08:34:16 [restartedMain] INFO  o.s.b.d.e.DevToolsPropertyDefaultsPostProcessor - Devtools property defaults active! Set 'spring.devtools.add-properties' to 'false' to disable
2026-04-18 08:34:16 [restartedMain] INFO  o.s.b.d.e.DevToolsPropertyDefaultsPostProcessor - For additional web related logging consider setting the 'logging.level.web' property to 'DEBUG'
2026-04-18 08:34:17 [restartedMain] INFO  o.s.b.w.e.tomcat.TomcatWebServer - Tomcat initialized with port 8080 (http)
2026-04-18 08:34:17 [restartedMain] INFO  o.a.catalina.core.StandardService - Starting service [Tomcat]
2026-04-18 08:34:17 [restartedMain] INFO  o.a.catalina.core.StandardEngine - Starting Servlet engine: [Apache Tomcat/10.1.53]
2026-04-18 08:34:17 [restartedMain] INFO  o.a.c.c.C.[.[localhost].[/api] - Initializing Spring embedded WebApplicationContext
2026-04-18 08:34:17 [restartedMain] INFO  o.s.b.w.s.c.ServletWebServerApplicationContext - Root WebApplicationContext: initialization completed in 893 ms
2026-04-18 08:34:18 [restartedMain] INFO  c.b.m.e.s.MybatisPlusApplicationContextAware - Register ApplicationContext instances org.springframework.boot.web.servlet.context.AnnotationConfigServletWebServerApplicationContext@106c508c
2026-04-18 08:34:18 [restartedMain] INFO  o.s.b.d.a.OptionalLiveReloadServer - LiveReload server is running on port 35729
2026-04-18 08:34:18 [restartedMain] INFO  o.s.b.w.e.tomcat.TomcatWebServer - Tomcat started on port 8080 (http) with context path '/api'
2026-04-18 08:34:18 [restartedMain] INFO  com.example.novel.NovelApplication - Started NovelApplication in 2.084 seconds (process running for 2.437)
2026-04-18 08:34:23 [http-nio-8080-exec-3] INFO  o.a.c.c.C.[.[localhost].[/api] - Initializing Spring DispatcherServlet 'dispatcherServlet'
2026-04-18 08:34:23 [http-nio-8080-exec-3] INFO  o.s.web.servlet.DispatcherServlet - Initializing Servlet 'dispatcherServlet'
2026-04-18 08:34:23 [http-nio-8080-exec-3] INFO  o.s.web.servlet.DispatcherServlet - Completed initialization in 1 ms
2026-04-18 08:34:23 [http-nio-8080-exec-3] INFO  c.e.n.controller.CategoryController - 获取分类列表请求
2026-04-18 08:34:23 [http-nio-8080-exec-3] INFO  c.e.n.s.impl.CategoryServiceImpl - 查询所有分类列表
2026-04-18 08:34:23 [http-nio-8080-exec-1] INFO  c.e.novel.controller.NovelController - 获取热门小说推荐请求, limit: 10
2026-04-18 08:34:23 [http-nio-8080-exec-1] INFO  c.e.n.service.impl.NovelServiceImpl - 获取热门小说推荐, 数量: 10
2026-04-18 08:34:23 [http-nio-8080-exec-2] INFO  c.e.novel.controller.NovelController - 分页查询小说列表请求, 参数: NovelQueryDTO(categoryId=null, pageNum=1, pageSize=10, sortField=view_count, sortOrder=desc)
2026-04-18 08:34:23 [http-nio-8080-exec-2] INFO  c.e.n.service.impl.NovelServiceImpl - 分页查询小说列表, 参数: NovelQueryDTO(categoryId=null, pageNum=1, pageSize=10, sortField=view_count, sortOrder=desc)
2026-04-18 08:34:23 [http-nio-8080-exec-3] INFO  com.zaxxer.hikari.HikariDataSource - HikariPool-1 - Starting...
2026-04-18 08:34:23 [http-nio-8080-exec-3] INFO  com.zaxxer.hikari.pool.HikariPool - HikariPool-1 - Added connection com.mysql.cj.jdbc.ConnectionImpl@7bc444d9
2026-04-18 08:34:23 [http-nio-8080-exec-3] INFO  com.zaxxer.hikari.HikariDataSource - HikariPool-1 - Start completed.
2026-04-18 08:34:23 [http-nio-8080-exec-2] INFO  c.e.n.service.impl.NovelServiceImpl - 查询到 0 条记录，共 0 页
2026-04-18 08:34:23 [http-nio-8080-exec-1] INFO  c.e.n.service.impl.NovelServiceImpl - 推荐 2 本热门小说
2026-04-18 08:34:23 [http-nio-8080-exec-3] INFO  c.e.n.s.impl.CategoryServiceImpl - 查询到 8 个分类
2026-04-18 08:34:23 [http-nio-8080-exec-3] INFO  c.e.n.controller.CategoryController - 返回 8 个分类
2026-04-18 08:34:23 [http-nio-8080-exec-1] INFO  c.e.novel.controller.NovelController - 返回 2 本热门小说
2026-04-18 08:34:23 [http-nio-8080-exec-2] INFO  c.e.novel.controller.NovelController - 返回 0 条记录，共 0 页
2026-04-18 08:34:24 [http-nio-8080-exec-4] INFO  c.e.n.controller.CategoryController - 获取分类列表请求
2026-04-18 08:34:24 [http-nio-8080-exec-5] INFO  c.e.novel.controller.NovelController - 获取热门小说推荐请求, limit: 10
2026-04-18 08:34:24 [http-nio-8080-exec-4] INFO  c.e.n.s.impl.CategoryServiceImpl - 查询所有分类列表
2026-04-18 08:34:24 [http-nio-8080-exec-5] INFO  c.e.n.service.impl.NovelServiceImpl - 获取热门小说推荐, 数量: 10
2026-04-18 08:34:24 [http-nio-8080-exec-6] INFO  c.e.novel.controller.NovelController - 分页查询小说列表请求, 参数: NovelQueryDTO(categoryId=null, pageNum=1, pageSize=10, sortField=view_count, sortOrder=desc)
2026-04-18 08:34:24 [http-nio-8080-exec-6] INFO  c.e.n.service.impl.NovelServiceImpl - 分页查询小说列表, 参数: NovelQueryDTO(categoryId=null, pageNum=1, pageSize=10, sortField=view_count, sortOrder=desc)
2026-04-18 08:34:24 [http-nio-8080-exec-5] INFO  c.e.n.service.impl.NovelServiceImpl - 推荐 2 本热门小说
2026-04-18 08:34:24 [http-nio-8080-exec-5] INFO  c.e.novel.controller.NovelController - 返回 2 本热门小说
2026-04-18 08:34:24 [http-nio-8080-exec-6] INFO  c.e.n.service.impl.NovelServiceImpl - 查询到 0 条记录，共 0 页
2026-04-18 08:34:24 [http-nio-8080-exec-6] INFO  c.e.novel.controller.NovelController - 返回 0 条记录，共 0 页
2026-04-18 08:34:24 [http-nio-8080-exec-4] INFO  c.e.n.s.impl.CategoryServiceImpl - 查询到 8 个分类
2026-04-18 08:34:24 [http-nio-8080-exec-4] INFO  c.e.n.controller.CategoryController - 返回 8 个分类
2026-04-18 08:34:25 [http-nio-8080-exec-7] INFO  c.e.n.controller.CategoryController - 获取分类列表请求
2026-04-18 08:34:25 [http-nio-8080-exec-9] INFO  c.e.novel.controller.NovelController - 获取热门小说推荐请求, limit: 10
2026-04-18 08:34:25 [http-nio-8080-exec-7] INFO  c.e.n.s.impl.CategoryServiceImpl - 查询所有分类列表
2026-04-18 08:34:25 [http-nio-8080-exec-9] INFO  c.e.n.service.impl.NovelServiceImpl - 获取热门小说推荐, 数量: 10
2026-04-18 08:34:25 [http-nio-8080-exec-8] INFO  c.e.novel.controller.NovelController - 分页查询小说列表请求, 参数: NovelQueryDTO(categoryId=null, pageNum=1, pageSize=10, sortField=view_count, sortOrder=desc)
2026-04-18 08:34:25 [http-nio-8080-exec-8] INFO  c.e.n.service.impl.NovelServiceImpl - 分页查询小说列表, 参数: NovelQueryDTO(categoryId=null, pageNum=1, pageSize=10, sortField=view_count, sortOrder=desc)
2026-04-18 08:34:25 [http-nio-8080-exec-9] INFO  c.e.n.service.impl.NovelServiceImpl - 推荐 2 本热门小说
2026-04-18 08:34:25 [http-nio-8080-exec-9] INFO  c.e.novel.controller.NovelController - 返回 2 本热门小说
2026-04-18 08:34:25 [http-nio-8080-exec-8] INFO  c.e.n.service.impl.NovelServiceImpl - 查询到 0 条记录，共 0 页
2026-04-18 08:34:25 [http-nio-8080-exec-8] INFO  c.e.novel.controller.NovelController - 返回 0 条记录，共 0 页
2026-04-18 08:34:25 [http-nio-8080-exec-7] INFO  c.e.n.s.impl.CategoryServiceImpl - 查询到 8 个分类
2026-04-18 08:34:25 [http-nio-8080-exec-7] INFO  c.e.n.controller.CategoryController - 返回 8 个分类
2026-04-18 08:34:33 [http-nio-8080-exec-10] INFO  c.e.n.controller.CategoryController - 获取分类列表请求
2026-04-18 08:34:33 [http-nio-8080-exec-10] INFO  c.e.n.s.impl.CategoryServiceImpl - 查询所有分类列表
2026-04-18 08:34:33 [http-nio-8080-exec-1] INFO  c.e.novel.controller.NovelController - 分页查询小说列表请求, 参数: NovelQueryDTO(categoryId=null, pageNum=1, pageSize=10, sortField=view_count, sortOrder=desc)
2026-04-18 08:34:33 [http-nio-8080-exec-1] INFO  c.e.n.service.impl.NovelServiceImpl - 分页查询小说列表, 参数: NovelQueryDTO(categoryId=null, pageNum=1, pageSize=10, sortField=view_count, sortOrder=desc)
2026-04-18 08:34:33 [http-nio-8080-exec-10] INFO  c.e.n.s.impl.CategoryServiceImpl - 查询到 8 个分类
2026-04-18 08:34:33 [http-nio-8080-exec-1] INFO  c.e.n.service.impl.NovelServiceImpl - 查询到 0 条记录，共 0 页
2026-04-18 08:34:33 [http-nio-8080-exec-10] INFO  c.e.n.controller.CategoryController - 返回 8 个分类
2026-04-18 08:34:33 [http-nio-8080-exec-1] INFO  c.e.novel.controller.NovelController - 返回 0 条记录，共 0 页
2026-04-18 08:34:47 [http-nio-8080-exec-6] INFO  c.e.n.controller.CategoryController - 获取分类列表请求
2026-04-18 08:34:47 [http-nio-8080-exec-6] INFO  c.e.n.s.impl.CategoryServiceImpl - 查询所有分类列表
2026-04-18 08:34:47 [http-nio-8080-exec-4] INFO  c.e.novel.controller.NovelController - 获取热门小说推荐请求, limit: 10
2026-04-18 08:34:47 [http-nio-8080-exec-4] INFO  c.e.n.service.impl.NovelServiceImpl - 获取热门小说推荐, 数量: 10
2026-04-18 08:34:47 [http-nio-8080-exec-9] INFO  c.e.novel.controller.NovelController - 分页查询小说列表请求, 参数: NovelQueryDTO(categoryId=null, pageNum=1, pageSize=10, sortField=view_count, sortOrder=desc)
2026-04-18 08:34:47 [http-nio-8080-exec-9] INFO  c.e.n.service.impl.NovelServiceImpl - 分页查询小说列表, 参数: NovelQueryDTO(categoryId=null, pageNum=1, pageSize=10, sortField=view_count, sortOrder=desc)
2026-04-18 08:34:48 [http-nio-8080-exec-6] INFO  c.e.n.s.impl.CategoryServiceImpl - 查询到 8 个分类
2026-04-18 08:34:48 [http-nio-8080-exec-4] INFO  c.e.n.service.impl.NovelServiceImpl - 推荐 2 本热门小说
2026-04-18 08:34:48 [http-nio-8080-exec-6] INFO  c.e.n.controller.CategoryController - 返回 8 个分类
2026-04-18 08:34:48 [http-nio-8080-exec-4] INFO  c.e.novel.controller.NovelController - 返回 2 本热门小说
2026-04-18 08:34:48 [http-nio-8080-exec-9] INFO  c.e.n.service.impl.NovelServiceImpl - 查询到 0 条记录，共 0 页
2026-04-18 08:34:48 [http-nio-8080-exec-9] INFO  c.e.novel.controller.NovelController - 返回 0 条记录，共 0 页
2026-04-18 08:34:52 [http-nio-8080-exec-8] INFO  c.e.novel.controller.NovelController - 分页查询小说列表请求, 参数: NovelQueryDTO(categoryId=null, pageNum=1, pageSize=10, sortField=view_count, sortOrder=desc)
2026-04-18 08:34:52 [http-nio-8080-exec-8] INFO  c.e.n.service.impl.NovelServiceImpl - 分页查询小说列表, 参数: NovelQueryDTO(categoryId=null, pageNum=1, pageSize=10, sortField=view_count, sortOrder=desc)
2026-04-18 08:34:52 [http-nio-8080-exec-8] INFO  c.e.n.service.impl.NovelServiceImpl - 查询到 0 条记录，共 0 页
2026-04-18 08:34:52 [http-nio-8080-exec-8] INFO  c.e.novel.controller.NovelController - 返回 0 条记录，共 0 页
2026-04-18 08:34:53 [http-nio-8080-exec-7] INFO  c.e.novel.controller.NovelController - 分页查询小说列表请求, 参数: NovelQueryDTO(categoryId=null, pageNum=1, pageSize=10, sortField=view_count, sortOrder=desc)
2026-04-18 08:34:53 [http-nio-8080-exec-7] INFO  c.e.n.service.impl.NovelServiceImpl - 分页查询小说列表, 参数: NovelQueryDTO(categoryId=null, pageNum=1, pageSize=10, sortField=view_count, sortOrder=desc)
2026-04-18 08:34:53 [http-nio-8080-exec-7] INFO  c.e.n.service.impl.NovelServiceImpl - 查询到 0 条记录，共 0 页
2026-04-18 08:34:53 [http-nio-8080-exec-7] INFO  c.e.novel.controller.NovelController - 返回 0 条记录，共 0 页
2026-04-18 08:34:55 [http-nio-8080-exec-10] INFO  c.e.n.controller.CategoryController - 获取分类列表请求
2026-04-18 08:34:55 [http-nio-8080-exec-10] INFO  c.e.n.s.impl.CategoryServiceImpl - 查询所有分类列表
2026-04-18 08:34:55 [http-nio-8080-exec-1] INFO  c.e.novel.controller.NovelController - 分页查询小说列表请求, 参数: NovelQueryDTO(categoryId=null, pageNum=1, pageSize=10, sortField=view_count, sortOrder=desc)
2026-04-18 08:34:55 [http-nio-8080-exec-1] INFO  c.e.n.service.impl.NovelServiceImpl - 分页查询小说列表, 参数: NovelQueryDTO(categoryId=null, pageNum=1, pageSize=10, sortField=view_count, sortOrder=desc)
2026-04-18 08:34:55 [http-nio-8080-exec-10] INFO  c.e.n.s.impl.CategoryServiceImpl - 查询到 8 个分类
2026-04-18 08:34:55 [http-nio-8080-exec-1] INFO  c.e.n.service.impl.NovelServiceImpl - 查询到 0 条记录，共 0 页
2026-04-18 08:34:55 [http-nio-8080-exec-10] INFO  c.e.n.controller.CategoryController - 返回 8 个分类
2026-04-18 08:34:55 [http-nio-8080-exec-1] INFO  c.e.novel.controller.NovelController - 返回 0 条记录，共 0 页
2026-04-18 08:34:56 [http-nio-8080-exec-3] INFO  c.e.novel.controller.NovelController - 分页查询小说列表请求, 参数: NovelQueryDTO(categoryId=null, pageNum=1, pageSize=10, sortField=view_count, sortOrder=desc)
2026-04-18 08:34:56 [http-nio-8080-exec-3] INFO  c.e.n.service.impl.NovelServiceImpl - 分页查询小说列表, 参数: NovelQueryDTO(categoryId=null, pageNum=1, pageSize=10, sortField=view_count, sortOrder=desc)
2026-04-18 08:34:56 [http-nio-8080-exec-3] INFO  c.e.n.service.impl.NovelServiceImpl - 查询到 0 条记录，共 0 页
2026-04-18 08:34:56 [http-nio-8080-exec-3] INFO  c.e.novel.controller.NovelController - 返回 0 条记录，共 0 页
2026-04-18 08:34:56 [http-nio-8080-exec-5] INFO  c.e.novel.controller.NovelController - 分页查询小说列表请求, 参数: NovelQueryDTO(categoryId=null, pageNum=1, pageSize=10, sortField=view_count, sortOrder=desc)
2026-04-18 08:34:56 [http-nio-8080-exec-5] INFO  c.e.n.service.impl.NovelServiceImpl - 分页查询小说列表, 参数: NovelQueryDTO(categoryId=null, pageNum=1, pageSize=10, sortField=view_count, sortOrder=desc)
2026-04-18 08:34:56 [http-nio-8080-exec-5] INFO  c.e.n.service.impl.NovelServiceImpl - 查询到 0 条记录，共 0 页
2026-04-18 08:34:56 [http-nio-8080-exec-5] INFO  c.e.novel.controller.NovelController - 返回 0 条记录，共 0 页
2026-04-18 08:34:56 [http-nio-8080-exec-2] INFO  c.e.novel.controller.NovelController - 分页查询小说列表请求, 参数: NovelQueryDTO(categoryId=null, pageNum=1, pageSize=10, sortField=view_count, sortOrder=desc)
2026-04-18 08:34:56 [http-nio-8080-exec-2] INFO  c.e.n.service.impl.NovelServiceImpl - 分页查询小说列表, 参数: NovelQueryDTO(categoryId=null, pageNum=1, pageSize=10, sortField=view_count, sortOrder=desc)
2026-04-18 08:34:56 [http-nio-8080-exec-2] INFO  c.e.n.service.impl.NovelServiceImpl - 查询到 0 条记录，共 0 页
2026-04-18 08:34:56 [http-nio-8080-exec-2] INFO  c.e.novel.controller.NovelController - 返回 0 条记录，共 0 页
2026-04-18 08:36:11 [SpringApplicationShutdownHook] INFO  o.s.b.w.e.tomcat.GracefulShutdown - Commencing graceful shutdown. Waiting for active requests to complete
2026-04-18 08:36:12 [tomcat-shutdown] INFO  o.s.b.w.e.tomcat.GracefulShutdown - Graceful shutdown complete
2026-04-18 08:36:12 [SpringApplicationShutdownHook] INFO  com.zaxxer.hikari.HikariDataSource - HikariPool-1 - Shutdown initiated...
2026-04-18 08:36:12 [SpringApplicationShutdownHook] INFO  com.zaxxer.hikari.HikariDataSource - HikariPool-1 - Shutdown completed.
2026-04-18 08:40:16 [restartedMain] INFO  com.example.novel.NovelApplication - Starting NovelApplication using Java 17.0.10 with PID 32512 (D:\IntelliJ IDEA 2023.2.3\Novel\target\classes started by Strelitzia in D:\IntelliJ IDEA 2023.2.3\Novel)
2026-04-18 08:40:16 [restartedMain] DEBUG com.example.novel.NovelApplication - Running with Spring Boot v3.5.13, Spring v6.2.17
2026-04-18 08:40:16 [restartedMain] INFO  com.example.novel.NovelApplication - No active profile set, falling back to 1 default profile: "default"
2026-04-18 08:40:16 [restartedMain] INFO  o.s.b.d.e.DevToolsPropertyDefaultsPostProcessor - Devtools property defaults active! Set 'spring.devtools.add-properties' to 'false' to disable
2026-04-18 08:40:16 [restartedMain] INFO  o.s.b.d.e.DevToolsPropertyDefaultsPostProcessor - For additional web related logging consider setting the 'logging.level.web' property to 'DEBUG'
2026-04-18 08:40:17 [restartedMain] INFO  o.s.b.w.e.tomcat.TomcatWebServer - Tomcat initialized with port 8080 (http)
2026-04-18 08:40:17 [restartedMain] INFO  o.a.catalina.core.StandardService - Starting service [Tomcat]
2026-04-18 08:40:17 [restartedMain] INFO  o.a.catalina.core.StandardEngine - Starting Servlet engine: [Apache Tomcat/10.1.53]
2026-04-18 08:40:17 [restartedMain] INFO  o.a.c.c.C.[.[localhost].[/api] - Initializing Spring embedded WebApplicationContext
2026-04-18 08:40:17 [restartedMain] INFO  o.s.b.w.s.c.ServletWebServerApplicationContext - Root WebApplicationContext: initialization completed in 813 ms
2026-04-18 08:40:17 [restartedMain] INFO  c.b.m.e.s.MybatisPlusApplicationContextAware - Register ApplicationContext instances org.springframework.boot.web.servlet.context.AnnotationConfigServletWebServerApplicationContext@106c508c
2026-04-18 08:40:17 [restartedMain] INFO  o.s.b.d.a.OptionalLiveReloadServer - LiveReload server is running on port 35729
2026-04-18 08:40:17 [restartedMain] INFO  o.s.b.w.e.tomcat.TomcatWebServer - Tomcat started on port 8080 (http) with context path '/api'
2026-04-18 08:40:17 [restartedMain] INFO  com.example.novel.NovelApplication - Started NovelApplication in 1.868 seconds (process running for 2.216)
2026-04-18 08:40:25 [http-nio-8080-exec-2] INFO  o.a.c.c.C.[.[localhost].[/api] - Initializing Spring DispatcherServlet 'dispatcherServlet'
2026-04-18 08:40:25 [http-nio-8080-exec-2] INFO  o.s.web.servlet.DispatcherServlet - Initializing Servlet 'dispatcherServlet'
2026-04-18 08:40:25 [http-nio-8080-exec-2] INFO  o.s.web.servlet.DispatcherServlet - Completed initialization in 1 ms
2026-04-18 08:40:25 [http-nio-8080-exec-2] INFO  c.e.n.controller.CategoryController - 获取分类列表请求
2026-04-18 08:40:25 [http-nio-8080-exec-2] INFO  c.e.n.s.impl.CategoryServiceImpl - 查询所有分类列表
2026-04-18 08:40:25 [http-nio-8080-exec-1] INFO  c.e.novel.controller.NovelController - 分页查询小说列表请求, 参数: NovelQueryDTO(categoryId=null, pageNum=1, pageSize=10, sortField=view_count, sortOrder=desc)
2026-04-18 08:40:25 [http-nio-8080-exec-1] INFO  c.e.n.service.impl.NovelServiceImpl - 分页查询小说列表, 参数: NovelQueryDTO(categoryId=null, pageNum=1, pageSize=10, sortField=view_count, sortOrder=desc)
2026-04-18 08:40:25 [http-nio-8080-exec-1] INFO  com.zaxxer.hikari.HikariDataSource - HikariPool-1 - Starting...
2026-04-18 08:40:25 [http-nio-8080-exec-1] INFO  com.zaxxer.hikari.pool.HikariPool - HikariPool-1 - Added connection com.mysql.cj.jdbc.ConnectionImpl@426f700a
2026-04-18 08:40:25 [http-nio-8080-exec-1] INFO  com.zaxxer.hikari.HikariDataSource - HikariPool-1 - Start completed.
2026-04-18 08:40:25 [http-nio-8080-exec-2] INFO  c.e.n.s.impl.CategoryServiceImpl - 查询到 8 个分类
2026-04-18 08:40:25 [http-nio-8080-exec-1] INFO  c.e.n.service.impl.NovelServiceImpl - 查询到 0 条记录，共 0 页
2026-04-18 08:40:25 [http-nio-8080-exec-2] INFO  c.e.n.controller.CategoryController - 返回 8 个分类
2026-04-18 08:40:25 [http-nio-8080-exec-1] INFO  c.e.novel.controller.NovelController - 返回 0 条记录，共 0 页
2026-04-18 08:40:29 [http-nio-8080-exec-3] INFO  c.e.n.controller.CategoryController - 获取分类列表请求
2026-04-18 08:40:29 [http-nio-8080-exec-3] INFO  c.e.n.s.impl.CategoryServiceImpl - 查询所有分类列表
2026-04-18 08:40:29 [http-nio-8080-exec-5] INFO  c.e.novel.controller.NovelController - 获取热门小说推荐请求, limit: 10
2026-04-18 08:40:29 [http-nio-8080-exec-4] INFO  c.e.novel.controller.NovelController - 分页查询小说列表请求, 参数: NovelQueryDTO(categoryId=null, pageNum=1, pageSize=10, sortField=view_count, sortOrder=desc)
2026-04-18 08:40:29 [http-nio-8080-exec-5] INFO  c.e.n.service.impl.NovelServiceImpl - 获取热门小说推荐, 数量: 10
2026-04-18 08:40:29 [http-nio-8080-exec-4] INFO  c.e.n.service.impl.NovelServiceImpl - 分页查询小说列表, 参数: NovelQueryDTO(categoryId=null, pageNum=1, pageSize=10, sortField=view_count, sortOrder=desc)
2026-04-18 08:40:29 [http-nio-8080-exec-4] INFO  c.e.n.service.impl.NovelServiceImpl - 查询到 0 条记录，共 0 页
2026-04-18 08:40:29 [http-nio-8080-exec-4] INFO  c.e.novel.controller.NovelController - 返回 0 条记录，共 0 页
2026-04-18 08:40:29 [http-nio-8080-exec-5] INFO  c.e.n.service.impl.NovelServiceImpl - 推荐 2 本热门小说
2026-04-18 08:40:29 [http-nio-8080-exec-5] INFO  c.e.novel.controller.NovelController - 返回 2 本热门小说
2026-04-18 08:40:29 [http-nio-8080-exec-3] INFO  c.e.n.s.impl.CategoryServiceImpl - 查询到 8 个分类
2026-04-18 08:40:29 [http-nio-8080-exec-3] INFO  c.e.n.controller.CategoryController - 返回 8 个分类
2026-04-18 08:40:32 [http-nio-8080-exec-6] INFO  c.e.n.controller.CategoryController - 获取分类列表请求
2026-04-18 08:40:32 [http-nio-8080-exec-7] INFO  c.e.novel.controller.NovelController - 获取热门小说推荐请求, limit: 10
2026-04-18 08:40:32 [http-nio-8080-exec-6] INFO  c.e.n.s.impl.CategoryServiceImpl - 查询所有分类列表
2026-04-18 08:40:32 [http-nio-8080-exec-7] INFO  c.e.n.service.impl.NovelServiceImpl - 获取热门小说推荐, 数量: 10
2026-04-18 08:40:32 [http-nio-8080-exec-8] INFO  c.e.novel.controller.NovelController - 分页查询小说列表请求, 参数: NovelQueryDTO(categoryId=null, pageNum=1, pageSize=10, sortField=view_count, sortOrder=desc)
2026-04-18 08:40:32 [http-nio-8080-exec-8] INFO  c.e.n.service.impl.NovelServiceImpl - 分页查询小说列表, 参数: NovelQueryDTO(categoryId=null, pageNum=1, pageSize=10, sortField=view_count, sortOrder=desc)
2026-04-18 08:40:32 [http-nio-8080-exec-7] INFO  c.e.n.service.impl.NovelServiceImpl - 推荐 2 本热门小说
2026-04-18 08:40:32 [http-nio-8080-exec-8] INFO  c.e.n.service.impl.NovelServiceImpl - 查询到 0 条记录，共 0 页
2026-04-18 08:40:32 [http-nio-8080-exec-7] INFO  c.e.novel.controller.NovelController - 返回 2 本热门小说
2026-04-18 08:40:32 [http-nio-8080-exec-8] INFO  c.e.novel.controller.NovelController - 返回 0 条记录，共 0 页
2026-04-18 08:40:32 [http-nio-8080-exec-6] INFO  c.e.n.s.impl.CategoryServiceImpl - 查询到 8 个分类
2026-04-18 08:40:32 [http-nio-8080-exec-6] INFO  c.e.n.controller.CategoryController - 返回 8 个分类
2026-04-18 08:40:34 [http-nio-8080-exec-9] INFO  c.e.n.controller.CategoryController - 获取分类列表请求
2026-04-18 08:40:34 [http-nio-8080-exec-9] INFO  c.e.n.s.impl.CategoryServiceImpl - 查询所有分类列表
2026-04-18 08:40:34 [http-nio-8080-exec-10] INFO  c.e.novel.controller.NovelController - 获取热门小说推荐请求, limit: 10
2026-04-18 08:40:34 [http-nio-8080-exec-10] INFO  c.e.n.service.impl.NovelServiceImpl - 获取热门小说推荐, 数量: 10
2026-04-18 08:40:34 [http-nio-8080-exec-2] INFO  c.e.novel.controller.NovelController - 分页查询小说列表请求, 参数: NovelQueryDTO(categoryId=null, pageNum=1, pageSize=10, sortField=view_count, sortOrder=desc)
2026-04-18 08:40:34 [http-nio-8080-exec-2] INFO  c.e.n.service.impl.NovelServiceImpl - 分页查询小说列表, 参数: NovelQueryDTO(categoryId=null, pageNum=1, pageSize=10, sortField=view_count, sortOrder=desc)
2026-04-18 08:40:34 [http-nio-8080-exec-10] INFO  c.e.n.service.impl.NovelServiceImpl - 推荐 2 本热门小说
2026-04-18 08:40:34 [http-nio-8080-exec-2] INFO  c.e.n.service.impl.NovelServiceImpl - 查询到 0 条记录，共 0 页
2026-04-18 08:40:34 [http-nio-8080-exec-10] INFO  c.e.novel.controller.NovelController - 返回 2 本热门小说
2026-04-18 08:40:34 [http-nio-8080-exec-2] INFO  c.e.novel.controller.NovelController - 返回 0 条记录，共 0 页
2026-04-18 08:40:34 [http-nio-8080-exec-9] INFO  c.e.n.s.impl.CategoryServiceImpl - 查询到 8 个分类
2026-04-18 08:40:34 [http-nio-8080-exec-9] INFO  c.e.n.controller.CategoryController - 返回 8 个分类
2026-04-18 08:40:35 [http-nio-8080-exec-1] INFO  c.e.novel.controller.NovelController - 获取小说详情请求, ID: 1
2026-04-18 08:40:35 [http-nio-8080-exec-1] INFO  c.e.n.service.impl.NovelServiceImpl - 获取小说详情, ID: 1
2026-04-18 08:40:35 [http-nio-8080-exec-1] DEBUG c.e.n.service.impl.NovelServiceImpl - 找到小说: 剑来
2026-04-18 08:40:35 [http-nio-8080-exec-1] INFO  c.e.novel.controller.NovelController - 返回小说详情: 剑来
2026-04-18 08:40:35 [http-nio-8080-exec-4] INFO  c.e.n.controller.ChapterController - 分页查询章节列表请求, novelId: 1, pageNum: 1, pageSize: 20
2026-04-18 08:40:35 [http-nio-8080-exec-4] INFO  c.e.n.s.impl.ChapterServiceImpl - 分页查询章节列表, novelId: 1, pageNum: 1, pageSize: 20
2026-04-18 08:40:35 [http-nio-8080-exec-5] INFO  c.e.novel.controller.NovelController - 获取小说详情请求, ID: 1
2026-04-18 08:40:35 [http-nio-8080-exec-5] INFO  c.e.n.service.impl.NovelServiceImpl - 获取小说详情, ID: 1
2026-04-18 08:40:35 [http-nio-8080-exec-4] INFO  c.e.n.s.impl.ChapterServiceImpl - 查询到 0 个章节，共 0 页
2026-04-18 08:40:35 [http-nio-8080-exec-4] INFO  c.e.n.controller.ChapterController - 返回 0 个章节，共 0 页
2026-04-18 08:40:35 [http-nio-8080-exec-5] DEBUG c.e.n.service.impl.NovelServiceImpl - 找到小说: 剑来
2026-04-18 08:40:35 [http-nio-8080-exec-5] INFO  c.e.novel.controller.NovelController - 返回小说详情: 剑来
2026-04-18 08:40:35 [http-nio-8080-exec-3] INFO  c.e.n.controller.ChapterController - 分页查询章节列表请求, novelId: 1, pageNum: 1, pageSize: 20
2026-04-18 08:40:35 [http-nio-8080-exec-3] INFO  c.e.n.s.impl.ChapterServiceImpl - 分页查询章节列表, novelId: 1, pageNum: 1, pageSize: 20
2026-04-18 08:40:35 [http-nio-8080-exec-3] INFO  c.e.n.s.impl.ChapterServiceImpl - 查询到 0 个章节，共 0 页
2026-04-18 08:40:35 [http-nio-8080-exec-3] INFO  c.e.n.controller.ChapterController - 返回 0 个章节，共 0 页
2026-04-18 08:40:48 [http-nio-8080-exec-7] INFO  c.e.n.controller.CategoryController - 获取分类列表请求
2026-04-18 08:40:48 [http-nio-8080-exec-8] INFO  c.e.novel.controller.NovelController - 获取热门小说推荐请求, limit: 10
2026-04-18 08:40:48 [http-nio-8080-exec-7] INFO  c.e.n.s.impl.CategoryServiceImpl - 查询所有分类列表
2026-04-18 08:40:48 [http-nio-8080-exec-8] INFO  c.e.n.service.impl.NovelServiceImpl - 获取热门小说推荐, 数量: 10
2026-04-18 08:40:48 [http-nio-8080-exec-6] INFO  c.e.novel.controller.NovelController - 分页查询小说列表请求, 参数: NovelQueryDTO(categoryId=null, pageNum=1, pageSize=10, sortField=view_count, sortOrder=desc)
2026-04-18 08:40:48 [http-nio-8080-exec-6] INFO  c.e.n.service.impl.NovelServiceImpl - 分页查询小说列表, 参数: NovelQueryDTO(categoryId=null, pageNum=1, pageSize=10, sortField=view_count, sortOrder=desc)
2026-04-18 08:40:48 [http-nio-8080-exec-8] INFO  c.e.n.service.impl.NovelServiceImpl - 推荐 2 本热门小说
2026-04-18 08:40:48 [http-nio-8080-exec-8] INFO  c.e.novel.controller.NovelController - 返回 2 本热门小说
2026-04-18 08:40:48 [http-nio-8080-exec-7] INFO  c.e.n.s.impl.CategoryServiceImpl - 查询到 8 个分类
2026-04-18 08:40:48 [http-nio-8080-exec-7] INFO  c.e.n.controller.CategoryController - 返回 8 个分类
2026-04-18 08:40:48 [http-nio-8080-exec-6] INFO  c.e.n.service.impl.NovelServiceImpl - 查询到 0 条记录，共 0 页
2026-04-18 08:40:48 [http-nio-8080-exec-6] INFO  c.e.novel.controller.NovelController - 返回 0 条记录，共 0 页
2026-04-18 08:40:49 [http-nio-8080-exec-2] INFO  c.e.novel.controller.NovelController - 分页查询小说列表请求, 参数: NovelQueryDTO(categoryId=6, pageNum=1, pageSize=10, sortField=view_count, sortOrder=desc)
2026-04-18 08:40:49 [http-nio-8080-exec-2] INFO  c.e.n.service.impl.NovelServiceImpl - 分页查询小说列表, 参数: NovelQueryDTO(categoryId=6, pageNum=1, pageSize=10, sortField=view_count, sortOrder=desc)
2026-04-18 08:40:49 [http-nio-8080-exec-2] DEBUG c.e.n.service.impl.NovelServiceImpl - 验证分类ID: 6
2026-04-18 08:40:49 [http-nio-8080-exec-2] INFO  c.e.n.service.impl.NovelServiceImpl - 查询到 0 条记录，共 0 页
2026-04-18 08:40:49 [http-nio-8080-exec-2] INFO  c.e.novel.controller.NovelController - 返回 0 条记录，共 0 页
2026-04-18 08:40:49 [http-nio-8080-exec-10] INFO  c.e.novel.controller.NovelController - 分页查询小说列表请求, 参数: NovelQueryDTO(categoryId=6, pageNum=1, pageSize=10, sortField=view_count, sortOrder=desc)
2026-04-18 08:40:49 [http-nio-8080-exec-10] INFO  c.e.n.service.impl.NovelServiceImpl - 分页查询小说列表, 参数: NovelQueryDTO(categoryId=6, pageNum=1, pageSize=10, sortField=view_count, sortOrder=desc)
2026-04-18 08:40:49 [http-nio-8080-exec-10] DEBUG c.e.n.service.impl.NovelServiceImpl - 验证分类ID: 6
2026-04-18 08:40:49 [http-nio-8080-exec-10] INFO  c.e.n.service.impl.NovelServiceImpl - 查询到 0 条记录，共 0 页
2026-04-18 08:40:49 [http-nio-8080-exec-10] INFO  c.e.novel.controller.NovelController - 返回 0 条记录，共 0 页
2026-04-18 08:40:50 [http-nio-8080-exec-9] INFO  c.e.novel.controller.NovelController - 分页查询小说列表请求, 参数: NovelQueryDTO(categoryId=5, pageNum=1, pageSize=10, sortField=view_count, sortOrder=desc)
2026-04-18 08:40:50 [http-nio-8080-exec-9] INFO  c.e.n.service.impl.NovelServiceImpl - 分页查询小说列表, 参数: NovelQueryDTO(categoryId=5, pageNum=1, pageSize=10, sortField=view_count, sortOrder=desc)
2026-04-18 08:40:50 [http-nio-8080-exec-9] DEBUG c.e.n.service.impl.NovelServiceImpl - 验证分类ID: 5
2026-04-18 08:40:50 [http-nio-8080-exec-9] INFO  c.e.n.service.impl.NovelServiceImpl - 查询到 0 条记录，共 0 页
2026-04-18 08:40:50 [http-nio-8080-exec-9] INFO  c.e.novel.controller.NovelController - 返回 0 条记录，共 0 页
2026-04-18 08:40:50 [http-nio-8080-exec-1] INFO  c.e.novel.controller.NovelController - 分页查询小说列表请求, 参数: NovelQueryDTO(categoryId=5, pageNum=1, pageSize=10, sortField=view_count, sortOrder=desc)
2026-04-18 08:40:50 [http-nio-8080-exec-1] INFO  c.e.n.service.impl.NovelServiceImpl - 分页查询小说列表, 参数: NovelQueryDTO(categoryId=5, pageNum=1, pageSize=10, sortField=view_count, sortOrder=desc)
2026-04-18 08:40:50 [http-nio-8080-exec-1] DEBUG c.e.n.service.impl.NovelServiceImpl - 验证分类ID: 5
2026-04-18 08:40:50 [http-nio-8080-exec-1] INFO  c.e.n.service.impl.NovelServiceImpl - 查询到 0 条记录，共 0 页
2026-04-18 08:40:50 [http-nio-8080-exec-1] INFO  c.e.novel.controller.NovelController - 返回 0 条记录，共 0 页
2026-04-18 08:40:51 [http-nio-8080-exec-4] INFO  c.e.novel.controller.NovelController - 分页查询小说列表请求, 参数: NovelQueryDTO(categoryId=4, pageNum=1, pageSize=10, sortField=view_count, sortOrder=desc)
2026-04-18 08:40:51 [http-nio-8080-exec-4] INFO  c.e.n.service.impl.NovelServiceImpl - 分页查询小说列表, 参数: NovelQueryDTO(categoryId=4, pageNum=1, pageSize=10, sortField=view_count, sortOrder=desc)
2026-04-18 08:40:51 [http-nio-8080-exec-4] DEBUG c.e.n.service.impl.NovelServiceImpl - 验证分类ID: 4
2026-04-18 08:40:51 [http-nio-8080-exec-4] INFO  c.e.n.service.impl.NovelServiceImpl - 查询到 0 条记录，共 0 页
2026-04-18 08:40:51 [http-nio-8080-exec-4] INFO  c.e.novel.controller.NovelController - 返回 0 条记录，共 0 页
2026-04-18 08:40:51 [http-nio-8080-exec-5] INFO  c.e.novel.controller.NovelController - 分页查询小说列表请求, 参数: NovelQueryDTO(categoryId=4, pageNum=1, pageSize=10, sortField=view_count, sortOrder=desc)
2026-04-18 08:40:51 [http-nio-8080-exec-5] INFO  c.e.n.service.impl.NovelServiceImpl - 分页查询小说列表, 参数: NovelQueryDTO(categoryId=4, pageNum=1, pageSize=10, sortField=view_count, sortOrder=desc)
2026-04-18 08:40:51 [http-nio-8080-exec-5] DEBUG c.e.n.service.impl.NovelServiceImpl - 验证分类ID: 4
2026-04-18 08:40:51 [http-nio-8080-exec-5] INFO  c.e.n.service.impl.NovelServiceImpl - 查询到 0 条记录，共 0 页
2026-04-18 08:40:51 [http-nio-8080-exec-5] INFO  c.e.novel.controller.NovelController - 返回 0 条记录，共 0 页
2026-04-18 08:40:51 [http-nio-8080-exec-3] INFO  c.e.novel.controller.NovelController - 分页查询小说列表请求, 参数: NovelQueryDTO(categoryId=5, pageNum=1, pageSize=10, sortField=view_count, sortOrder=desc)
2026-04-18 08:40:51 [http-nio-8080-exec-3] INFO  c.e.n.service.impl.NovelServiceImpl - 分页查询小说列表, 参数: NovelQueryDTO(categoryId=5, pageNum=1, pageSize=10, sortField=view_count, sortOrder=desc)
2026-04-18 08:40:51 [http-nio-8080-exec-3] DEBUG c.e.n.service.impl.NovelServiceImpl - 验证分类ID: 5
2026-04-18 08:40:51 [http-nio-8080-exec-3] INFO  c.e.n.service.impl.NovelServiceImpl - 查询到 0 条记录，共 0 页
2026-04-18 08:40:51 [http-nio-8080-exec-3] INFO  c.e.novel.controller.NovelController - 返回 0 条记录，共 0 页
2026-04-18 08:40:51 [http-nio-8080-exec-7] INFO  c.e.novel.controller.NovelController - 分页查询小说列表请求, 参数: NovelQueryDTO(categoryId=5, pageNum=1, pageSize=10, sortField=view_count, sortOrder=desc)
2026-04-18 08:40:51 [http-nio-8080-exec-7] INFO  c.e.n.service.impl.NovelServiceImpl - 分页查询小说列表, 参数: NovelQueryDTO(categoryId=5, pageNum=1, pageSize=10, sortField=view_count, sortOrder=desc)
2026-04-18 08:40:51 [http-nio-8080-exec-7] DEBUG c.e.n.service.impl.NovelServiceImpl - 验证分类ID: 5
2026-04-18 08:40:52 [http-nio-8080-exec-7] INFO  c.e.n.service.impl.NovelServiceImpl - 查询到 0 条记录，共 0 页
2026-04-18 08:40:52 [http-nio-8080-exec-7] INFO  c.e.novel.controller.NovelController - 返回 0 条记录，共 0 页
2026-04-18 08:40:53 [http-nio-8080-exec-8] INFO  c.e.novel.controller.NovelController - 获取小说详情请求, ID: 2
2026-04-18 08:40:53 [http-nio-8080-exec-8] INFO  c.e.n.service.impl.NovelServiceImpl - 获取小说详情, ID: 2
2026-04-18 08:40:53 [http-nio-8080-exec-6] INFO  c.e.n.controller.ChapterController - 分页查询章节列表请求, novelId: 2, pageNum: 1, pageSize: 20
2026-04-18 08:40:53 [http-nio-8080-exec-6] INFO  c.e.n.s.impl.ChapterServiceImpl - 分页查询章节列表, novelId: 2, pageNum: 1, pageSize: 20
2026-04-18 08:40:53 [http-nio-8080-exec-8] DEBUG c.e.n.service.impl.NovelServiceImpl - 找到小说: 诡秘之主
2026-04-18 08:40:53 [http-nio-8080-exec-8] INFO  c.e.novel.controller.NovelController - 返回小说详情: 诡秘之主
2026-04-18 08:40:53 [http-nio-8080-exec-6] INFO  c.e.n.s.impl.ChapterServiceImpl - 查询到 0 个章节，共 0 页
2026-04-18 08:40:53 [http-nio-8080-exec-6] INFO  c.e.n.controller.ChapterController - 返回 0 个章节，共 0 页
2026-04-18 08:40:53 [http-nio-8080-exec-2] INFO  c.e.novel.controller.NovelController - 获取小说详情请求, ID: 2
2026-04-18 08:40:53 [http-nio-8080-exec-2] INFO  c.e.n.service.impl.NovelServiceImpl - 获取小说详情, ID: 2
2026-04-18 08:40:53 [http-nio-8080-exec-10] INFO  c.e.n.controller.ChapterController - 分页查询章节列表请求, novelId: 2, pageNum: 1, pageSize: 20
2026-04-18 08:40:53 [http-nio-8080-exec-10] INFO  c.e.n.s.impl.ChapterServiceImpl - 分页查询章节列表, novelId: 2, pageNum: 1, pageSize: 20
2026-04-18 08:40:53 [http-nio-8080-exec-2] DEBUG c.e.n.service.impl.NovelServiceImpl - 找到小说: 诡秘之主
2026-04-18 08:40:53 [http-nio-8080-exec-2] INFO  c.e.novel.controller.NovelController - 返回小说详情: 诡秘之主
2026-04-18 08:40:53 [http-nio-8080-exec-10] INFO  c.e.n.s.impl.ChapterServiceImpl - 查询到 0 个章节，共 0 页
2026-04-18 08:40:53 [http-nio-8080-exec-10] INFO  c.e.n.controller.ChapterController - 返回 0 个章节，共 0 页
2026-04-18 08:40:57 [http-nio-8080-exec-9] INFO  c.e.n.controller.CategoryController - 获取分类列表请求
2026-04-18 08:40:57 [http-nio-8080-exec-9] INFO  c.e.n.s.impl.CategoryServiceImpl - 查询所有分类列表
2026-04-18 08:40:57 [http-nio-8080-exec-1] INFO  c.e.novel.controller.NovelController - 获取热门小说推荐请求, limit: 10
2026-04-18 08:40:57 [http-nio-8080-exec-1] INFO  c.e.n.service.impl.NovelServiceImpl - 获取热门小说推荐, 数量: 10
2026-04-18 08:40:57 [http-nio-8080-exec-4] INFO  c.e.novel.controller.NovelController - 分页查询小说列表请求, 参数: NovelQueryDTO(categoryId=null, pageNum=1, pageSize=10, sortField=view_count, sortOrder=desc)
2026-04-18 08:40:57 [http-nio-8080-exec-4] INFO  c.e.n.service.impl.NovelServiceImpl - 分页查询小说列表, 参数: NovelQueryDTO(categoryId=null, pageNum=1, pageSize=10, sortField=view_count, sortOrder=desc)
2026-04-18 08:40:57 [http-nio-8080-exec-1] INFO  c.e.n.service.impl.NovelServiceImpl - 推荐 2 本热门小说
2026-04-18 08:40:57 [http-nio-8080-exec-1] INFO  c.e.novel.controller.NovelController - 返回 2 本热门小说
2026-04-18 08:40:57 [http-nio-8080-exec-9] INFO  c.e.n.s.impl.CategoryServiceImpl - 查询到 8 个分类
2026-04-18 08:40:57 [http-nio-8080-exec-9] INFO  c.e.n.controller.CategoryController - 返回 8 个分类
2026-04-18 08:40:57 [http-nio-8080-exec-4] INFO  c.e.n.service.impl.NovelServiceImpl - 查询到 0 条记录，共 0 页
2026-04-18 08:40:57 [http-nio-8080-exec-4] INFO  c.e.novel.controller.NovelController - 返回 0 条记录，共 0 页
2026-04-18 08:40:59 [http-nio-8080-exec-5] INFO  c.e.n.controller.CategoryController - 获取分类列表请求
2026-04-18 08:40:59 [http-nio-8080-exec-5] INFO  c.e.n.s.impl.CategoryServiceImpl - 查询所有分类列表
2026-04-18 08:40:59 [http-nio-8080-exec-3] INFO  c.e.novel.controller.NovelController - 分页查询小说列表请求, 参数: NovelQueryDTO(categoryId=null, pageNum=1, pageSize=10, sortField=view_count, sortOrder=desc)
2026-04-18 08:40:59 [http-nio-8080-exec-3] INFO  c.e.n.service.impl.NovelServiceImpl - 分页查询小说列表, 参数: NovelQueryDTO(categoryId=null, pageNum=1, pageSize=10, sortField=view_count, sortOrder=desc)
2026-04-18 08:40:59 [http-nio-8080-exec-3] INFO  c.e.n.service.impl.NovelServiceImpl - 查询到 0 条记录，共 0 页
2026-04-18 08:40:59 [http-nio-8080-exec-3] INFO  c.e.novel.controller.NovelController - 返回 0 条记录，共 0 页
2026-04-18 08:40:59 [http-nio-8080-exec-5] INFO  c.e.n.s.impl.CategoryServiceImpl - 查询到 8 个分类
2026-04-18 08:40:59 [http-nio-8080-exec-5] INFO  c.e.n.controller.CategoryController - 返回 8 个分类
2026-04-18 08:41:19 [http-nio-8080-exec-7] INFO  c.e.novel.controller.NovelController - 获取小说详情请求, ID: 1
2026-04-18 08:41:19 [http-nio-8080-exec-8] INFO  c.e.n.controller.ChapterController - 分页查询章节列表请求, novelId: 1, pageNum: 1, pageSize: 20
2026-04-18 08:41:19 [http-nio-8080-exec-7] INFO  c.e.n.service.impl.NovelServiceImpl - 获取小说详情, ID: 1
2026-04-18 08:41:19 [http-nio-8080-exec-8] INFO  c.e.n.s.impl.ChapterServiceImpl - 分页查询章节列表, novelId: 1, pageNum: 1, pageSize: 20
2026-04-18 08:41:19 [http-nio-8080-exec-7] DEBUG c.e.n.service.impl.NovelServiceImpl - 找到小说: 剑来
2026-04-18 08:41:19 [http-nio-8080-exec-7] INFO  c.e.novel.controller.NovelController - 返回小说详情: 剑来
2026-04-18 08:41:19 [http-nio-8080-exec-8] INFO  c.e.n.s.impl.ChapterServiceImpl - 查询到 0 个章节，共 0 页
2026-04-18 08:41:19 [http-nio-8080-exec-8] INFO  c.e.n.controller.ChapterController - 返回 0 个章节，共 0 页
2026-04-18 08:41:19 [http-nio-8080-exec-6] INFO  c.e.novel.controller.NovelController - 获取小说详情请求, ID: 1
2026-04-18 08:41:19 [http-nio-8080-exec-6] INFO  c.e.n.service.impl.NovelServiceImpl - 获取小说详情, ID: 1
2026-04-18 08:41:19 [http-nio-8080-exec-2] INFO  c.e.n.controller.ChapterController - 分页查询章节列表请求, novelId: 1, pageNum: 1, pageSize: 20
2026-04-18 08:41:19 [http-nio-8080-exec-2] INFO  c.e.n.s.impl.ChapterServiceImpl - 分页查询章节列表, novelId: 1, pageNum: 1, pageSize: 20
2026-04-18 08:41:19 [http-nio-8080-exec-6] DEBUG c.e.n.service.impl.NovelServiceImpl - 找到小说: 剑来
2026-04-18 08:41:19 [http-nio-8080-exec-6] INFO  c.e.novel.controller.NovelController - 返回小说详情: 剑来
2026-04-18 08:41:19 [http-nio-8080-exec-2] INFO  c.e.n.s.impl.ChapterServiceImpl - 查询到 0 个章节，共 0 页
2026-04-18 08:41:19 [http-nio-8080-exec-2] INFO  c.e.n.controller.ChapterController - 返回 0 个章节，共 0 页
2026-04-18 08:41:24 [http-nio-8080-exec-10] INFO  c.e.novel.controller.NovelController - 获取小说详情请求, ID: 2
2026-04-18 08:41:24 [http-nio-8080-exec-1] INFO  c.e.n.controller.ChapterController - 分页查询章节列表请求, novelId: 2, pageNum: 1, pageSize: 20
2026-04-18 08:41:24 [http-nio-8080-exec-10] INFO  c.e.n.service.impl.NovelServiceImpl - 获取小说详情, ID: 2
2026-04-18 08:41:24 [http-nio-8080-exec-1] INFO  c.e.n.s.impl.ChapterServiceImpl - 分页查询章节列表, novelId: 2, pageNum: 1, pageSize: 20
2026-04-18 08:41:24 [http-nio-8080-exec-10] DEBUG c.e.n.service.impl.NovelServiceImpl - 找到小说: 诡秘之主
2026-04-18 08:41:24 [http-nio-8080-exec-1] INFO  c.e.n.s.impl.ChapterServiceImpl - 查询到 0 个章节，共 0 页
2026-04-18 08:41:24 [http-nio-8080-exec-10] INFO  c.e.novel.controller.NovelController - 返回小说详情: 诡秘之主
2026-04-18 08:41:24 [http-nio-8080-exec-1] INFO  c.e.n.controller.ChapterController - 返回 0 个章节，共 0 页
2026-04-18 08:41:24 [http-nio-8080-exec-4] INFO  c.e.n.controller.ChapterController - 分页查询章节列表请求, novelId: 2, pageNum: 1, pageSize: 20
2026-04-18 08:41:24 [http-nio-8080-exec-9] INFO  c.e.novel.controller.NovelController - 获取小说详情请求, ID: 2
2026-04-18 08:41:24 [http-nio-8080-exec-4] INFO  c.e.n.s.impl.ChapterServiceImpl - 分页查询章节列表, novelId: 2, pageNum: 1, pageSize: 20
2026-04-18 08:41:24 [http-nio-8080-exec-9] INFO  c.e.n.service.impl.NovelServiceImpl - 获取小说详情, ID: 2
2026-04-18 08:41:24 [http-nio-8080-exec-9] DEBUG c.e.n.service.impl.NovelServiceImpl - 找到小说: 诡秘之主
2026-04-18 08:41:24 [http-nio-8080-exec-9] INFO  c.e.novel.controller.NovelController - 返回小说详情: 诡秘之主
2026-04-18 08:41:24 [http-nio-8080-exec-4] INFO  c.e.n.s.impl.ChapterServiceImpl - 查询到 0 个章节，共 0 页
2026-04-18 08:41:24 [http-nio-8080-exec-4] INFO  c.e.n.controller.ChapterController - 返回 0 个章节，共 0 页
2026-04-18 08:41:41 [SpringApplicationShutdownHook] INFO  o.s.b.w.e.tomcat.GracefulShutdown - Commencing graceful shutdown. Waiting for active requests to complete
2026-04-18 08:41:41 [tomcat-shutdown] INFO  o.s.b.w.e.tomcat.GracefulShutdown - Graceful shutdown complete
2026-04-18 08:41:41 [SpringApplicationShutdownHook] INFO  com.zaxxer.hikari.HikariDataSource - HikariPool-1 - Shutdown initiated...
2026-04-18 08:41:41 [SpringApplicationShutdownHook] INFO  com.zaxxer.hikari.HikariDataSource - HikariPool-1 - Shutdown completed.
